------------------------------------------------------------------------------------------------------------------------

[2017-10-30 00:00:10 #1 type] 
Type ActivityManagement.Controller.Person is not enhanced.

------------------------------------------------------------------------------------------------------------------------

[2017-10-30 00:01:04 #1 type] 
Type ActivityManagement.Controller.Person is not enhanced.

------------------------------------------------------------------------------------------------------------------------

[2017-10-30 00:47:33 #1 type] 
Type ActivityManagement.Controller.Person is not enhanced.

------------------------------------------------------------------------------------------------------------------------

[2017-10-30 00:47:56 #1 type] 
Type ActivityManagement.Controller.Person is not enhanced.

------------------------------------------------------------------------------------------------------------------------

[2017-10-30 01:21:18 #1 type] 
Type ActivityManagement.Controller.Person is not enhanced.

------------------------------------------------------------------------------------------------------------------------

[2017-10-30 01:28:28 #1 type] 
Type ActivityManagement.Controller.Person is not enhanced.

------------------------------------------------------------------------------------------------------------------------

[2017-10-30 01:29:51 #1 type] 
Type ActivityManagement.Controller.Person is not enhanced.

------------------------------------------------------------------------------------------------------------------------

[2017-10-30 01:31:24 #1 type] 
Type ActivityManagement.Controller.Person is not enhanced.

------------------------------------------------------------------------------------------------------------------------

[2017-10-30 01:35:44 #1 type] 
Type ActivityManagement.Controller.Person is not enhanced.

------------------------------------------------------------------------------------------------------------------------

[2017-10-30 01:36:18 #1 type] 
Type ActivityManagement.Controller.Person is not enhanced.

------------------------------------------------------------------------------------------------------------------------

[2017-10-30 01:37:23 #1 type] 
Type ActivityManagement.Controller.Person is not enhanced.

------------------------------------------------------------------------------------------------------------------------

[2017-10-30 01:39:16 #1 type] 
Type ActivityManagement.Controller.Person is not enhanced.

------------------------------------------------------------------------------------------------------------------------

[2017-10-30 01:51:08 #1 type] 
Type ActivityManagement.Controller.Person is not enhanced.

------------------------------------------------------------------------------------------------------------------------

[2017-10-30 01:52:00 #1 type] 
Type ActivityManagement.Controller.Person is not enhanced.

------------------------------------------------------------------------------------------------------------------------

[2017-10-30 01:52:48 #1 type] 
Type ActivityManagement.Controller.Person is not enhanced.

------------------------------------------------------------------------------------------------------------------------

[2017-10-30 01:54:09 #1 type] 
Type ActivityManagement.Controller.Person is not enhanced.

------------------------------------------------------------------------------------------------------------------------

[2017-10-30 01:55:01 #1 type] 
Type ActivityManagement.Controller.Person is not enhanced.

------------------------------------------------------------------------------------------------------------------------

[2017-10-30 01:56:10 #1 type] 
Type ActivityManagement.Controller.Person is not enhanced.

------------------------------------------------------------------------------------------------------------------------

[2017-10-30 02:02:22 #1 type] 
Type ActivityManagement.Controller.Person is not enhanced.

------------------------------------------------------------------------------------------------------------------------

[2017-10-30 02:04:17 #1 type] 
Type ActivityManagement.Controller.Person is not enhanced.

[2017-10-30 02:04:23 #2 type.registry] 
New type ActivityManagement.Controller.Activity

------------------------------------------------------------------------------------------------------------------------

[2017-10-30 02:05:30 #1 type] 
Type ActivityManagement.Controller.Person is not enhanced.

[2017-10-30 02:05:36 #2 type] 
Type ActivityManagement.Controller.Activity is not enhanced.

[2017-10-30 02:05:36 #3 type.registry] 
New type ActivityManagement.Controller.SubActivity

[2017-10-30 02:05:36 #4 type.registry] 
New type java.util.Vector<ActivityManagement.Controller.SubActivity>

------------------------------------------------------------------------------------------------------------------------

[2017-10-30 02:08:31 #1 type] 
Type ActivityManagement.Controller.Person is not enhanced.

[2017-10-30 02:08:38 #2 type] 
Type ActivityManagement.Controller.Activity is not enhanced.

------------------------------------------------------------------------------------------------------------------------

[2017-10-30 02:08:54 #1 type.registry] 
New type java.util.Vector<java.lang.Object>

------------------------------------------------------------------------------------------------------------------------

[2017-10-30 02:09:47 #1 type] 
Type ActivityManagement.Controller.Person is not enhanced.

------------------------------------------------------------------------------------------------------------------------

[2017-10-30 02:10:41 #1 type] 
Type ActivityManagement.Controller.Person is not enhanced.

------------------------------------------------------------------------------------------------------------------------

[2017-10-30 02:15:38 #1 type.registry] 
New type ActivityManagement.Controller.Activity

[2017-10-30 02:15:38 #2 type] 
Type ActivityManagement.Controller.Activity is not enhanced.

[2017-10-30 02:15:38 #3 type.registry] 
New type ActivityManagement.Controller.SubActivity

[2017-10-30 02:15:38 #4 type.registry] 
New type java.util.Vector<ActivityManagement.Controller.SubActivity>

[2017-10-30 02:15:38 #5 type] 
Type ActivityManagement.Controller.Person is not enhanced.

------------------------------------------------------------------------------------------------------------------------

[2017-10-30 02:15:53 #1 type.registry] 
New type ActivityManagement.Controller.Activity

[2017-10-30 02:15:53 #2 type] 
Type ActivityManagement.Controller.Activity is not enhanced.

[2017-10-30 02:15:53 #3 type.registry] 
New type ActivityManagement.Controller.SubActivity

[2017-10-30 02:15:53 #4 type.registry] 
New type java.util.Vector<ActivityManagement.Controller.SubActivity>

[2017-10-30 02:15:53 #5 type] 
Type ActivityManagement.Controller.Person is not enhanced.

------------------------------------------------------------------------------------------------------------------------

[2017-10-30 02:17:15 #1 type] 
Type ActivityManagement.Controller.Activity is not enhanced.

[2017-10-30 02:17:15 #2 type] 
Type ActivityManagement.Controller.Person is not enhanced.

------------------------------------------------------------------------------------------------------------------------

[2017-10-30 02:18:58 #1 type.registry] 
New type java.util.Vector<java.lang.Object>

[2017-10-30 02:19:16 #2 explorer] 
[ObjectDB 2.7.2_02] java.lang.IllegalArgumentException
Attempt to lock a new (non stored yet) entity object [Activity:1] (error 635)
	at java.desktop/javax.swing.plaf.basic.BasicTableUI$Handler.mousePressed(Unknown Source)
	at java.desktop/java.awt.AWTEventMulticaster.mousePressed(Unknown Source)
	at java.desktop/java.awt.AWTEventMulticaster.mousePressed(Unknown Source)
	at java.desktop/java.awt.AWTEventMulticaster.mousePressed(Unknown Source)
	at java.desktop/java.awt.Component.processMouseEvent(Unknown Source)
	at java.desktop/javax.swing.JComponent.processMouseEvent(Unknown Source)
	at java.desktop/java.awt.Component.processEvent(Unknown Source)
	at java.desktop/java.awt.Container.processEvent(Unknown Source)
	at java.desktop/java.awt.Component.dispatchEventImpl(Unknown Source)
	at java.desktop/java.awt.Container.dispatchEventImpl(Unknown Source)
	at java.desktop/java.awt.Component.dispatchEvent(Unknown Source)
	at java.desktop/java.awt.LightweightDispatcher.retargetMouseEvent(Unknown Source)
	at java.desktop/java.awt.LightweightDispatcher.processMouseEvent(Unknown Source)
	at java.desktop/java.awt.LightweightDispatcher.dispatchEvent(Unknown Source)
	at java.desktop/java.awt.Container.dispatchEventImpl(Unknown Source)
	at java.desktop/java.awt.Window.dispatchEventImpl(Unknown Source)
	at java.desktop/java.awt.Component.dispatchEvent(Unknown Source)
	at java.desktop/java.awt.EventQueue.dispatchEventImpl(Unknown Source)
	at java.desktop/java.awt.EventQueue.access$500(Unknown Source)
	at java.desktop/java.awt.EventQueue$3.run(Unknown Source)
	at java.desktop/java.awt.EventQueue$3.run(Unknown Source)
	at java.base/java.security.AccessController.doPrivileged(Native Method)
	at java.base/java.security.ProtectionDomain$JavaSecurityAccessImpl.doIntersectionPrivilege(Unknown Source)
	at java.base/java.security.ProtectionDomain$JavaSecurityAccessImpl.doIntersectionPrivilege(Unknown Source)
	at java.desktop/java.awt.EventQueue$4.run(Unknown Source)
	at java.desktop/java.awt.EventQueue$4.run(Unknown Source)
	at java.base/java.security.AccessController.doPrivileged(Native Method)
	at java.base/java.security.ProtectionDomain$JavaSecurityAccessImpl.doIntersectionPrivilege(Unknown Source)
	at java.desktop/java.awt.EventQueue.dispatchEvent(Unknown Source)
	at java.desktop/java.awt.EventDispatchThread.pumpOneEventForFilters(Unknown Source)
	at java.desktop/java.awt.EventDispatchThread.pumpEventsForFilter(Unknown Source)
	at java.desktop/java.awt.EventDispatchThread.pumpEventsForHierarchy(Unknown Source)
	at java.desktop/java.awt.EventDispatchThread.pumpEvents(Unknown Source)
	at java.desktop/java.awt.EventDispatchThread.pumpEvents(Unknown Source)
	at java.desktop/java.awt.EventDispatchThread.run(Unknown Source)

[2017-10-30 02:19:28 #3 explorer] 
[ObjectDB 2.7.2_02] java.lang.IllegalArgumentException
Attempt to lock a new (non stored yet) entity object [Activity:1] (error 635)
	at java.desktop/javax.swing.JTable.setValueAt(Unknown Source)
	at java.desktop/javax.swing.JTable.editingStopped(Unknown Source)
	at java.desktop/javax.swing.AbstractCellEditor.fireEditingStopped(Unknown Source)
	at java.desktop/javax.swing.DefaultCellEditor$EditorDelegate.stopCellEditing(Unknown Source)
	at java.desktop/javax.swing.DefaultCellEditor.stopCellEditing(Unknown Source)
	at java.desktop/javax.swing.plaf.basic.BasicTableUI$Handler.mousePressed(Unknown Source)
	at java.desktop/java.awt.AWTEventMulticaster.mousePressed(Unknown Source)
	at java.desktop/java.awt.AWTEventMulticaster.mousePressed(Unknown Source)
	at java.desktop/java.awt.AWTEventMulticaster.mousePressed(Unknown Source)
	at java.desktop/java.awt.Component.processMouseEvent(Unknown Source)
	at java.desktop/javax.swing.JComponent.processMouseEvent(Unknown Source)
	at java.desktop/java.awt.Component.processEvent(Unknown Source)
	at java.desktop/java.awt.Container.processEvent(Unknown Source)
	at java.desktop/java.awt.Component.dispatchEventImpl(Unknown Source)
	at java.desktop/java.awt.Container.dispatchEventImpl(Unknown Source)
	at java.desktop/java.awt.Component.dispatchEvent(Unknown Source)
	at java.desktop/java.awt.LightweightDispatcher.retargetMouseEvent(Unknown Source)
	at java.desktop/java.awt.LightweightDispatcher.processMouseEvent(Unknown Source)
	at java.desktop/java.awt.LightweightDispatcher.dispatchEvent(Unknown Source)
	at java.desktop/java.awt.Container.dispatchEventImpl(Unknown Source)
	at java.desktop/java.awt.Window.dispatchEventImpl(Unknown Source)
	at java.desktop/java.awt.Component.dispatchEvent(Unknown Source)
	at java.desktop/java.awt.EventQueue.dispatchEventImpl(Unknown Source)
	at java.desktop/java.awt.EventQueue.access$500(Unknown Source)
	at java.desktop/java.awt.EventQueue$3.run(Unknown Source)
	at java.desktop/java.awt.EventQueue$3.run(Unknown Source)
	at java.base/java.security.AccessController.doPrivileged(Native Method)
	at java.base/java.security.ProtectionDomain$JavaSecurityAccessImpl.doIntersectionPrivilege(Unknown Source)
	at java.base/java.security.ProtectionDomain$JavaSecurityAccessImpl.doIntersectionPrivilege(Unknown Source)
	at java.desktop/java.awt.EventQueue$4.run(Unknown Source)
	at java.desktop/java.awt.EventQueue$4.run(Unknown Source)
	at java.base/java.security.AccessController.doPrivileged(Native Method)
	at java.base/java.security.ProtectionDomain$JavaSecurityAccessImpl.doIntersectionPrivilege(Unknown Source)
	at java.desktop/java.awt.EventQueue.dispatchEvent(Unknown Source)
	at java.desktop/java.awt.EventDispatchThread.pumpOneEventForFilters(Unknown Source)
	at java.desktop/java.awt.EventDispatchThread.pumpEventsForFilter(Unknown Source)
	at java.desktop/java.awt.EventDispatchThread.pumpEventsForHierarchy(Unknown Source)
	at java.desktop/java.awt.EventDispatchThread.pumpEvents(Unknown Source)
	at java.desktop/java.awt.EventDispatchThread.pumpEvents(Unknown Source)
	at java.desktop/java.awt.EventDispatchThread.run(Unknown Source)

[2017-10-30 02:19:38 #4 explorer] 
[ObjectDB 2.7.2_02] java.lang.IllegalArgumentException
Attempt to lock a new (non stored yet) entity object [Activity:1] (error 635)
	at java.desktop/javax.swing.JTable.setValueAt(Unknown Source)
	at java.desktop/javax.swing.JTable.editingStopped(Unknown Source)
	at java.desktop/javax.swing.AbstractCellEditor.fireEditingStopped(Unknown Source)
	at java.desktop/javax.swing.DefaultCellEditor$EditorDelegate.stopCellEditing(Unknown Source)
	at java.desktop/javax.swing.DefaultCellEditor.stopCellEditing(Unknown Source)
	at java.desktop/javax.swing.plaf.basic.BasicTableUI$Handler.mousePressed(Unknown Source)
	at java.desktop/java.awt.AWTEventMulticaster.mousePressed(Unknown Source)
	at java.desktop/java.awt.AWTEventMulticaster.mousePressed(Unknown Source)
	at java.desktop/java.awt.AWTEventMulticaster.mousePressed(Unknown Source)
	at java.desktop/java.awt.Component.processMouseEvent(Unknown Source)
	at java.desktop/javax.swing.JComponent.processMouseEvent(Unknown Source)
	at java.desktop/java.awt.Component.processEvent(Unknown Source)
	at java.desktop/java.awt.Container.processEvent(Unknown Source)
	at java.desktop/java.awt.Component.dispatchEventImpl(Unknown Source)
	at java.desktop/java.awt.Container.dispatchEventImpl(Unknown Source)
	at java.desktop/java.awt.Component.dispatchEvent(Unknown Source)
	at java.desktop/java.awt.LightweightDispatcher.retargetMouseEvent(Unknown Source)
	at java.desktop/java.awt.LightweightDispatcher.processMouseEvent(Unknown Source)
	at java.desktop/java.awt.LightweightDispatcher.dispatchEvent(Unknown Source)
	at java.desktop/java.awt.Container.dispatchEventImpl(Unknown Source)
	at java.desktop/java.awt.Window.dispatchEventImpl(Unknown Source)
	at java.desktop/java.awt.Component.dispatchEvent(Unknown Source)
	at java.desktop/java.awt.EventQueue.dispatchEventImpl(Unknown Source)
	at java.desktop/java.awt.EventQueue.access$500(Unknown Source)
	at java.desktop/java.awt.EventQueue$3.run(Unknown Source)
	at java.desktop/java.awt.EventQueue$3.run(Unknown Source)
	at java.base/java.security.AccessController.doPrivileged(Native Method)
	at java.base/java.security.ProtectionDomain$JavaSecurityAccessImpl.doIntersectionPrivilege(Unknown Source)
	at java.base/java.security.ProtectionDomain$JavaSecurityAccessImpl.doIntersectionPrivilege(Unknown Source)
	at java.desktop/java.awt.EventQueue$4.run(Unknown Source)
	at java.desktop/java.awt.EventQueue$4.run(Unknown Source)
	at java.base/java.security.AccessController.doPrivileged(Native Method)
	at java.base/java.security.ProtectionDomain$JavaSecurityAccessImpl.doIntersectionPrivilege(Unknown Source)
	at java.desktop/java.awt.EventQueue.dispatchEvent(Unknown Source)
	at java.desktop/java.awt.EventDispatchThread.pumpOneEventForFilters(Unknown Source)
	at java.desktop/java.awt.EventDispatchThread.pumpEventsForFilter(Unknown Source)
	at java.desktop/java.awt.EventDispatchThread.pumpEventsForHierarchy(Unknown Source)
	at java.desktop/java.awt.EventDispatchThread.pumpEvents(Unknown Source)
	at java.desktop/java.awt.EventDispatchThread.pumpEvents(Unknown Source)
	at java.desktop/java.awt.EventDispatchThread.run(Unknown Source)

[2017-10-30 02:19:41 #5 explorer] 
[ObjectDB 2.7.2_02] java.lang.IllegalArgumentException
Attempt to lock a new (non stored yet) entity object [Activity:1] (error 635)
	at java.desktop/javax.swing.JTable.setValueAt(Unknown Source)
	at java.desktop/javax.swing.JTable.editingStopped(Unknown Source)
	at java.desktop/javax.swing.AbstractCellEditor.fireEditingStopped(Unknown Source)
	at java.desktop/javax.swing.DefaultCellEditor$EditorDelegate.stopCellEditing(Unknown Source)
	at java.desktop/javax.swing.DefaultCellEditor.stopCellEditing(Unknown Source)
	at java.desktop/javax.swing.plaf.basic.BasicTableUI$Handler.mousePressed(Unknown Source)
	at java.desktop/java.awt.AWTEventMulticaster.mousePressed(Unknown Source)
	at java.desktop/java.awt.AWTEventMulticaster.mousePressed(Unknown Source)
	at java.desktop/java.awt.AWTEventMulticaster.mousePressed(Unknown Source)
	at java.desktop/java.awt.Component.processMouseEvent(Unknown Source)
	at java.desktop/javax.swing.JComponent.processMouseEvent(Unknown Source)
	at java.desktop/java.awt.Component.processEvent(Unknown Source)
	at java.desktop/java.awt.Container.processEvent(Unknown Source)
	at java.desktop/java.awt.Component.dispatchEventImpl(Unknown Source)
	at java.desktop/java.awt.Container.dispatchEventImpl(Unknown Source)
	at java.desktop/java.awt.Component.dispatchEvent(Unknown Source)
	at java.desktop/java.awt.LightweightDispatcher.retargetMouseEvent(Unknown Source)
	at java.desktop/java.awt.LightweightDispatcher.processMouseEvent(Unknown Source)
	at java.desktop/java.awt.LightweightDispatcher.dispatchEvent(Unknown Source)
	at java.desktop/java.awt.Container.dispatchEventImpl(Unknown Source)
	at java.desktop/java.awt.Window.dispatchEventImpl(Unknown Source)
	at java.desktop/java.awt.Component.dispatchEvent(Unknown Source)
	at java.desktop/java.awt.EventQueue.dispatchEventImpl(Unknown Source)
	at java.desktop/java.awt.EventQueue.access$500(Unknown Source)
	at java.desktop/java.awt.EventQueue$3.run(Unknown Source)
	at java.desktop/java.awt.EventQueue$3.run(Unknown Source)
	at java.base/java.security.AccessController.doPrivileged(Native Method)
	at java.base/java.security.ProtectionDomain$JavaSecurityAccessImpl.doIntersectionPrivilege(Unknown Source)
	at java.base/java.security.ProtectionDomain$JavaSecurityAccessImpl.doIntersectionPrivilege(Unknown Source)
	at java.desktop/java.awt.EventQueue$4.run(Unknown Source)
	at java.desktop/java.awt.EventQueue$4.run(Unknown Source)
	at java.base/java.security.AccessController.doPrivileged(Native Method)
	at java.base/java.security.ProtectionDomain$JavaSecurityAccessImpl.doIntersectionPrivilege(Unknown Source)
	at java.desktop/java.awt.EventQueue.dispatchEvent(Unknown Source)
	at java.desktop/java.awt.EventDispatchThread.pumpOneEventForFilters(Unknown Source)
	at java.desktop/java.awt.EventDispatchThread.pumpEventsForFilter(Unknown Source)
	at java.desktop/java.awt.EventDispatchThread.pumpEventsForHierarchy(Unknown Source)
	at java.desktop/java.awt.EventDispatchThread.pumpEvents(Unknown Source)
	at java.desktop/java.awt.EventDispatchThread.pumpEvents(Unknown Source)
	at java.desktop/java.awt.EventDispatchThread.run(Unknown Source)

[2017-10-30 02:19:46 #6 explorer] 
[ObjectDB 2.7.2_02] java.lang.IllegalArgumentException
Attempt to lock a new (non stored yet) entity object [Activity:1] (error 635)
	at java.desktop/javax.swing.JTextField.fireActionPerformed(Unknown Source)
	at java.desktop/javax.swing.JTextField.postActionEvent(Unknown Source)
	at java.desktop/javax.swing.JTextField$NotifyAction.actionPerformed(Unknown Source)
	at java.desktop/javax.swing.SwingUtilities.notifyAction(Unknown Source)
	at java.desktop/javax.swing.JComponent.processKeyBinding(Unknown Source)
	at java.desktop/javax.swing.JComponent.processKeyBindings(Unknown Source)
	at java.desktop/javax.swing.JComponent.processKeyEvent(Unknown Source)
	at java.desktop/java.awt.Component.processEvent(Unknown Source)
	at java.desktop/java.awt.Container.processEvent(Unknown Source)
	at java.desktop/java.awt.Component.dispatchEventImpl(Unknown Source)
	at java.desktop/java.awt.Container.dispatchEventImpl(Unknown Source)
	at java.desktop/java.awt.Component.dispatchEvent(Unknown Source)
	at java.desktop/java.awt.KeyboardFocusManager.redispatchEvent(Unknown Source)
	at java.desktop/java.awt.DefaultKeyboardFocusManager.dispatchKeyEvent(Unknown Source)
	at java.desktop/java.awt.DefaultKeyboardFocusManager.preDispatchKeyEvent(Unknown Source)
	at java.desktop/java.awt.DefaultKeyboardFocusManager.typeAheadAssertions(Unknown Source)
	at java.desktop/java.awt.DefaultKeyboardFocusManager.dispatchEvent(Unknown Source)
	at java.desktop/java.awt.Component.dispatchEventImpl(Unknown Source)
	at java.desktop/java.awt.Container.dispatchEventImpl(Unknown Source)
	at java.desktop/java.awt.Window.dispatchEventImpl(Unknown Source)
	at java.desktop/java.awt.Component.dispatchEvent(Unknown Source)
	at java.desktop/java.awt.EventQueue.dispatchEventImpl(Unknown Source)
	at java.desktop/java.awt.EventQueue.access$500(Unknown Source)
	at java.desktop/java.awt.EventQueue$3.run(Unknown Source)
	at java.desktop/java.awt.EventQueue$3.run(Unknown Source)
	at java.base/java.security.AccessController.doPrivileged(Native Method)
	at java.base/java.security.ProtectionDomain$JavaSecurityAccessImpl.doIntersectionPrivilege(Unknown Source)
	at java.base/java.security.ProtectionDomain$JavaSecurityAccessImpl.doIntersectionPrivilege(Unknown Source)
	at java.desktop/java.awt.EventQueue$4.run(Unknown Source)
	at java.desktop/java.awt.EventQueue$4.run(Unknown Source)
	at java.base/java.security.AccessController.doPrivileged(Native Method)
	at java.base/java.security.ProtectionDomain$JavaSecurityAccessImpl.doIntersectionPrivilege(Unknown Source)
	at java.desktop/java.awt.EventQueue.dispatchEvent(Unknown Source)
	at java.desktop/java.awt.EventDispatchThread.pumpOneEventForFilters(Unknown Source)
	at java.desktop/java.awt.EventDispatchThread.pumpEventsForFilter(Unknown Source)
	at java.desktop/java.awt.EventDispatchThread.pumpEventsForHierarchy(Unknown Source)
	at java.desktop/java.awt.EventDispatchThread.pumpEvents(Unknown Source)
	at java.desktop/java.awt.EventDispatchThread.pumpEvents(Unknown Source)
	at java.desktop/java.awt.EventDispatchThread.run(Unknown Source)

[2017-10-30 02:19:49 #7 explorer] 
[ObjectDB 2.7.2_02] java.lang.IllegalArgumentException
Attempt to lock a new (non stored yet) entity object [Activity:1] (error 635)
	at java.desktop/javax.swing.JTable.setValueAt(Unknown Source)
	at java.desktop/javax.swing.JTable.editingStopped(Unknown Source)
	at java.desktop/javax.swing.AbstractCellEditor.fireEditingStopped(Unknown Source)
	at java.desktop/javax.swing.DefaultCellEditor$EditorDelegate.stopCellEditing(Unknown Source)
	at java.desktop/javax.swing.DefaultCellEditor.stopCellEditing(Unknown Source)
	at java.desktop/javax.swing.plaf.basic.BasicTableUI$Handler.mousePressed(Unknown Source)
	at java.desktop/java.awt.AWTEventMulticaster.mousePressed(Unknown Source)
	at java.desktop/java.awt.AWTEventMulticaster.mousePressed(Unknown Source)
	at java.desktop/java.awt.AWTEventMulticaster.mousePressed(Unknown Source)
	at java.desktop/java.awt.Component.processMouseEvent(Unknown Source)
	at java.desktop/javax.swing.JComponent.processMouseEvent(Unknown Source)
	at java.desktop/java.awt.Component.processEvent(Unknown Source)
	at java.desktop/java.awt.Container.processEvent(Unknown Source)
	at java.desktop/java.awt.Component.dispatchEventImpl(Unknown Source)
	at java.desktop/java.awt.Container.dispatchEventImpl(Unknown Source)
	at java.desktop/java.awt.Component.dispatchEvent(Unknown Source)
	at java.desktop/java.awt.LightweightDispatcher.retargetMouseEvent(Unknown Source)
	at java.desktop/java.awt.LightweightDispatcher.processMouseEvent(Unknown Source)
	at java.desktop/java.awt.LightweightDispatcher.dispatchEvent(Unknown Source)
	at java.desktop/java.awt.Container.dispatchEventImpl(Unknown Source)
	at java.desktop/java.awt.Window.dispatchEventImpl(Unknown Source)
	at java.desktop/java.awt.Component.dispatchEvent(Unknown Source)
	at java.desktop/java.awt.EventQueue.dispatchEventImpl(Unknown Source)
	at java.desktop/java.awt.EventQueue.access$500(Unknown Source)
	at java.desktop/java.awt.EventQueue$3.run(Unknown Source)
	at java.desktop/java.awt.EventQueue$3.run(Unknown Source)
	at java.base/java.security.AccessController.doPrivileged(Native Method)
	at java.base/java.security.ProtectionDomain$JavaSecurityAccessImpl.doIntersectionPrivilege(Unknown Source)
	at java.base/java.security.ProtectionDomain$JavaSecurityAccessImpl.doIntersectionPrivilege(Unknown Source)
	at java.desktop/java.awt.EventQueue$4.run(Unknown Source)
	at java.desktop/java.awt.EventQueue$4.run(Unknown Source)
	at java.base/java.security.AccessController.doPrivileged(Native Method)
	at java.base/java.security.ProtectionDomain$JavaSecurityAccessImpl.doIntersectionPrivilege(Unknown Source)
	at java.desktop/java.awt.EventQueue.dispatchEvent(Unknown Source)
	at java.desktop/java.awt.EventDispatchThread.pumpOneEventForFilters(Unknown Source)
	at java.desktop/java.awt.EventDispatchThread.pumpEventsForFilter(Unknown Source)
	at java.desktop/java.awt.EventDispatchThread.pumpEventsForHierarchy(Unknown Source)
	at java.desktop/java.awt.EventDispatchThread.pumpEvents(Unknown Source)
	at java.desktop/java.awt.EventDispatchThread.pumpEvents(Unknown Source)
	at java.desktop/java.awt.EventDispatchThread.run(Unknown Source)

[2017-10-30 02:19:51 #8 explorer] 
[ObjectDB 2.7.2_02] java.lang.IllegalArgumentException
Attempt to lock a new (non stored yet) entity object [Activity:1] (error 635)
	at java.desktop/javax.swing.JTextField.fireActionPerformed(Unknown Source)
	at java.desktop/javax.swing.JTextField.postActionEvent(Unknown Source)
	at java.desktop/javax.swing.JTextField$NotifyAction.actionPerformed(Unknown Source)
	at java.desktop/javax.swing.SwingUtilities.notifyAction(Unknown Source)
	at java.desktop/javax.swing.JComponent.processKeyBinding(Unknown Source)
	at java.desktop/javax.swing.JComponent.processKeyBindings(Unknown Source)
	at java.desktop/javax.swing.JComponent.processKeyEvent(Unknown Source)
	at java.desktop/java.awt.Component.processEvent(Unknown Source)
	at java.desktop/java.awt.Container.processEvent(Unknown Source)
	at java.desktop/java.awt.Component.dispatchEventImpl(Unknown Source)
	at java.desktop/java.awt.Container.dispatchEventImpl(Unknown Source)
	at java.desktop/java.awt.Component.dispatchEvent(Unknown Source)
	at java.desktop/java.awt.KeyboardFocusManager.redispatchEvent(Unknown Source)
	at java.desktop/java.awt.DefaultKeyboardFocusManager.dispatchKeyEvent(Unknown Source)
	at java.desktop/java.awt.DefaultKeyboardFocusManager.preDispatchKeyEvent(Unknown Source)
	at java.desktop/java.awt.DefaultKeyboardFocusManager.typeAheadAssertions(Unknown Source)
	at java.desktop/java.awt.DefaultKeyboardFocusManager.dispatchEvent(Unknown Source)
	at java.desktop/java.awt.Component.dispatchEventImpl(Unknown Source)
	at java.desktop/java.awt.Container.dispatchEventImpl(Unknown Source)
	at java.desktop/java.awt.Window.dispatchEventImpl(Unknown Source)
	at java.desktop/java.awt.Component.dispatchEvent(Unknown Source)
	at java.desktop/java.awt.EventQueue.dispatchEventImpl(Unknown Source)
	at java.desktop/java.awt.EventQueue.access$500(Unknown Source)
	at java.desktop/java.awt.EventQueue$3.run(Unknown Source)
	at java.desktop/java.awt.EventQueue$3.run(Unknown Source)
	at java.base/java.security.AccessController.doPrivileged(Native Method)
	at java.base/java.security.ProtectionDomain$JavaSecurityAccessImpl.doIntersectionPrivilege(Unknown Source)
	at java.base/java.security.ProtectionDomain$JavaSecurityAccessImpl.doIntersectionPrivilege(Unknown Source)
	at java.desktop/java.awt.EventQueue$4.run(Unknown Source)
	at java.desktop/java.awt.EventQueue$4.run(Unknown Source)
	at java.base/java.security.AccessController.doPrivileged(Native Method)
	at java.base/java.security.ProtectionDomain$JavaSecurityAccessImpl.doIntersectionPrivilege(Unknown Source)
	at java.desktop/java.awt.EventQueue.dispatchEvent(Unknown Source)
	at java.desktop/java.awt.EventDispatchThread.pumpOneEventForFilters(Unknown Source)
	at java.desktop/java.awt.EventDispatchThread.pumpEventsForFilter(Unknown Source)
	at java.desktop/java.awt.EventDispatchThread.pumpEventsForHierarchy(Unknown Source)
	at java.desktop/java.awt.EventDispatchThread.pumpEvents(Unknown Source)
	at java.desktop/java.awt.EventDispatchThread.pumpEvents(Unknown Source)
	at java.desktop/java.awt.EventDispatchThread.run(Unknown Source)

[2017-10-30 02:19:52 #9 explorer] 
[ObjectDB 2.7.2_02] java.lang.IllegalArgumentException
Attempt to lock a new (non stored yet) entity object [Activity:1] (error 635)
	at java.desktop/javax.swing.JTextField.fireActionPerformed(Unknown Source)
	at java.desktop/javax.swing.JTextField.postActionEvent(Unknown Source)
	at java.desktop/javax.swing.JTextField$NotifyAction.actionPerformed(Unknown Source)
	at java.desktop/javax.swing.SwingUtilities.notifyAction(Unknown Source)
	at java.desktop/javax.swing.JComponent.processKeyBinding(Unknown Source)
	at java.desktop/javax.swing.JComponent.processKeyBindings(Unknown Source)
	at java.desktop/javax.swing.JComponent.processKeyEvent(Unknown Source)
	at java.desktop/java.awt.Component.processEvent(Unknown Source)
	at java.desktop/java.awt.Container.processEvent(Unknown Source)
	at java.desktop/java.awt.Component.dispatchEventImpl(Unknown Source)
	at java.desktop/java.awt.Container.dispatchEventImpl(Unknown Source)
	at java.desktop/java.awt.Component.dispatchEvent(Unknown Source)
	at java.desktop/java.awt.KeyboardFocusManager.redispatchEvent(Unknown Source)
	at java.desktop/java.awt.DefaultKeyboardFocusManager.dispatchKeyEvent(Unknown Source)
	at java.desktop/java.awt.DefaultKeyboardFocusManager.preDispatchKeyEvent(Unknown Source)
	at java.desktop/java.awt.DefaultKeyboardFocusManager.typeAheadAssertions(Unknown Source)
	at java.desktop/java.awt.DefaultKeyboardFocusManager.dispatchEvent(Unknown Source)
	at java.desktop/java.awt.Component.dispatchEventImpl(Unknown Source)
	at java.desktop/java.awt.Container.dispatchEventImpl(Unknown Source)
	at java.desktop/java.awt.Window.dispatchEventImpl(Unknown Source)
	at java.desktop/java.awt.Component.dispatchEvent(Unknown Source)
	at java.desktop/java.awt.EventQueue.dispatchEventImpl(Unknown Source)
	at java.desktop/java.awt.EventQueue.access$500(Unknown Source)
	at java.desktop/java.awt.EventQueue$3.run(Unknown Source)
	at java.desktop/java.awt.EventQueue$3.run(Unknown Source)
	at java.base/java.security.AccessController.doPrivileged(Native Method)
	at java.base/java.security.ProtectionDomain$JavaSecurityAccessImpl.doIntersectionPrivilege(Unknown Source)
	at java.base/java.security.ProtectionDomain$JavaSecurityAccessImpl.doIntersectionPrivilege(Unknown Source)
	at java.desktop/java.awt.EventQueue$4.run(Unknown Source)
	at java.desktop/java.awt.EventQueue$4.run(Unknown Source)
	at java.base/java.security.AccessController.doPrivileged(Native Method)
	at java.base/java.security.ProtectionDomain$JavaSecurityAccessImpl.doIntersectionPrivilege(Unknown Source)
	at java.desktop/java.awt.EventQueue.dispatchEvent(Unknown Source)
	at java.desktop/java.awt.EventDispatchThread.pumpOneEventForFilters(Unknown Source)
	at java.desktop/java.awt.EventDispatchThread.pumpEventsForFilter(Unknown Source)
	at java.desktop/java.awt.EventDispatchThread.pumpEventsForHierarchy(Unknown Source)
	at java.desktop/java.awt.EventDispatchThread.pumpEvents(Unknown Source)
	at java.desktop/java.awt.EventDispatchThread.pumpEvents(Unknown Source)
	at java.desktop/java.awt.EventDispatchThread.run(Unknown Source)

------------------------------------------------------------------------------------------------------------------------

[2017-10-30 02:20:07 #1 type] 
Type ActivityManagement.Controller.Activity is not enhanced.

[2017-10-30 02:20:07 #2 type] 
Type ActivityManagement.Controller.Person is not enhanced.

------------------------------------------------------------------------------------------------------------------------

[2017-10-30 02:32:30 #1 type.registry] 
New type ActivityManagement.Controller.Activity

[2017-10-30 02:32:30 #2 type] 
Type ActivityManagement.Controller.Activity is not enhanced.

[2017-10-30 02:32:30 #3 type.registry] 
New type ActivityManagement.Controller.SubActivity

[2017-10-30 02:32:30 #4 type.registry] 
New type java.util.Vector<ActivityManagement.Controller.SubActivity>

[2017-10-30 02:32:31 #5 type.registry] 
New type ActivityManagement.Controller.Person

[2017-10-30 02:32:31 #6 type] 
Type ActivityManagement.Controller.Person is not enhanced.

[2017-10-30 02:32:31 #7 type.registry] 
New type ActivityManagement.Controller.HasActivity

[2017-10-30 02:32:31 #8 type.registry] 
New type java.util.Vector<ActivityManagement.Controller.HasActivity>

[2017-10-30 02:33:12 #10 type.registry] 
New type java.util.Vector<java.lang.Object>

------------------------------------------------------------------------------------------------------------------------

[2017-10-30 02:36:05 #1 type.registry] 
New type ActivityManagement.Controller.Activity

[2017-10-30 02:36:05 #2 type] 
Type ActivityManagement.Controller.Activity is not enhanced.

[2017-10-30 02:36:05 #3 type.registry] 
New type ActivityManagement.Controller.SubActivity

[2017-10-30 02:36:05 #4 type.registry] 
New type java.util.Vector<ActivityManagement.Controller.SubActivity>

[2017-10-30 02:36:06 #5 type.registry] 
New type ActivityManagement.Controller.Person

[2017-10-30 02:36:06 #6 type] 
Type ActivityManagement.Controller.Person is not enhanced.

[2017-10-30 02:36:06 #7 type.registry] 
New type ActivityManagement.Controller.HasActivity

[2017-10-30 02:36:06 #8 type.registry] 
New type java.util.Vector<ActivityManagement.Controller.HasActivity>

------------------------------------------------------------------------------------------------------------------------

[2017-10-30 02:36:38 #1 type] 
Type ActivityManagement.Controller.Activity is not enhanced.

[2017-10-30 02:36:38 #2 type] 
Type ActivityManagement.Controller.Person is not enhanced.

------------------------------------------------------------------------------------------------------------------------

[2017-10-30 02:36:52 #1 type.registry] 
New type java.util.Vector<java.lang.Object>

------------------------------------------------------------------------------------------------------------------------

[2017-10-30 02:38:24 #1 type.registry] 
New type ActivityManagement.Controller.Activity

[2017-10-30 02:38:24 #2 type] 
Type ActivityManagement.Controller.Activity is not enhanced.

[2017-10-30 02:38:24 #3 type.registry] 
New type ActivityManagement.Controller.SubActivity

[2017-10-30 02:38:24 #4 type.registry] 
New type java.util.Vector<ActivityManagement.Controller.SubActivity>

[2017-10-30 02:38:24 #5 type.registry] 
New type ActivityManagement.Controller.Person

[2017-10-30 02:38:24 #6 type] 
Type ActivityManagement.Controller.Person is not enhanced.

[2017-10-30 02:38:24 #7 type.registry] 
New type ActivityManagement.Controller.HasActivity

[2017-10-30 02:38:24 #8 type.registry] 
New type java.util.Vector<ActivityManagement.Controller.HasActivity>

------------------------------------------------------------------------------------------------------------------------

[2017-10-30 02:38:38 #1 type.registry] 
New type java.util.Vector<java.lang.Object>

------------------------------------------------------------------------------------------------------------------------

[2017-10-30 02:39:27 #1 type] 
Type ActivityManagement.Controller.Activity is not enhanced.

[2017-10-30 02:39:27 #2 type] 
Type ActivityManagement.Controller.Person is not enhanced.

------------------------------------------------------------------------------------------------------------------------

[2017-10-30 02:40:08 #1 type] 
Type ActivityManagement.Controller.Activity is not enhanced.

[2017-10-30 02:40:08 #2 type] 
Type ActivityManagement.Controller.Person is not enhanced.

------------------------------------------------------------------------------------------------------------------------

[2017-10-30 02:42:09 #1 type.registry] 
New type java.util.Vector<java.lang.Object>

------------------------------------------------------------------------------------------------------------------------

[2017-10-30 02:58:04 #1 type.registry] 
New type ActivityManagement.Controller.Activity

[2017-10-30 02:58:04 #2 type] 
Type ActivityManagement.Controller.Activity is not enhanced.

[2017-10-30 02:58:04 #3 type.registry] 
New type ActivityManagement.Controller.SubActivity

[2017-10-30 02:58:04 #4 type.registry] 
New type java.util.Vector<ActivityManagement.Controller.SubActivity>

[2017-10-30 02:58:04 #5 type.registry] 
New type ActivityManagement.Controller.Person

[2017-10-30 02:58:04 #6 type] 
Type ActivityManagement.Controller.Person is not enhanced.

[2017-10-30 02:58:04 #7 type.registry] 
New type ActivityManagement.Controller.HasActivity

[2017-10-30 02:58:04 #8 type.registry] 
New type java.util.Vector<ActivityManagement.Controller.HasActivity>

------------------------------------------------------------------------------------------------------------------------

[2017-10-30 02:58:28 #1 type.registry] 
New type java.util.Vector<java.lang.Object>

------------------------------------------------------------------------------------------------------------------------

[2017-10-30 03:03:01 #1 type.registry] 
New type ActivityManagement.Controller.Activity

[2017-10-30 03:03:01 #2 type] 
Type ActivityManagement.Controller.Activity is not enhanced.

[2017-10-30 03:03:01 #3 type.registry] 
New type ActivityManagement.Controller.SubActivity

[2017-10-30 03:03:01 #4 type.registry] 
New type java.util.Vector<ActivityManagement.Controller.SubActivity>

[2017-10-30 03:03:01 #5 type.registry] 
New type ActivityManagement.Controller.Person

[2017-10-30 03:03:01 #6 type] 
Type ActivityManagement.Controller.Person is not enhanced.

[2017-10-30 03:03:01 #7 type.registry] 
New type ActivityManagement.Controller.HasActivity

[2017-10-30 03:03:01 #8 type.registry] 
New type java.util.Vector<ActivityManagement.Controller.HasActivity>

------------------------------------------------------------------------------------------------------------------------

[2017-10-30 03:04:17 #1 type.registry] 
New type ActivityManagement.Controller.Activity

[2017-10-30 03:04:17 #2 type] 
Type ActivityManagement.Controller.Activity is not enhanced.

[2017-10-30 03:04:17 #3 type.registry] 
New type ActivityManagement.Controller.SubActivity

[2017-10-30 03:04:17 #4 type.registry] 
New type java.util.Vector<ActivityManagement.Controller.SubActivity>

[2017-10-30 03:04:17 #5 type.registry] 
New type ActivityManagement.Controller.Person

[2017-10-30 03:04:17 #6 type] 
Type ActivityManagement.Controller.Person is not enhanced.

[2017-10-30 03:04:17 #7 type.registry] 
New type ActivityManagement.Controller.HasActivity

[2017-10-30 03:04:17 #8 type.registry] 
New type java.util.Vector<ActivityManagement.Controller.HasActivity>

[2017-10-30 03:04:41 #9 type.registry] 
New type ActivityManagement.Controller.Person

[2017-10-30 03:04:41 #10 type.registry] 
New type ActivityManagement.Controller.HasActivity

[2017-10-30 03:04:41 #11 type.registry] 
New type java.util.Vector<ActivityManagement.Controller.HasActivity>

------------------------------------------------------------------------------------------------------------------------

[2017-10-30 03:05:28 #1 type.registry] 
New type ActivityManagement.Controller.Activity

[2017-10-30 03:05:28 #2 type] 
Type ActivityManagement.Controller.Activity is not enhanced.

[2017-10-30 03:05:28 #3 type.registry] 
New type ActivityManagement.Controller.SubActivity

[2017-10-30 03:05:28 #4 type.registry] 
New type java.util.Vector<ActivityManagement.Controller.SubActivity>

[2017-10-30 03:05:28 #5 type.registry] 
New type ActivityManagement.Controller.Person

[2017-10-30 03:05:28 #6 type] 
Type ActivityManagement.Controller.Person is not enhanced.

[2017-10-30 03:05:28 #7 type.registry] 
New type ActivityManagement.Controller.HasActivity

[2017-10-30 03:05:28 #8 type.registry] 
New type java.util.Vector<ActivityManagement.Controller.HasActivity>

------------------------------------------------------------------------------------------------------------------------

[2017-10-30 03:05:54 #1 type.registry] 
New type java.util.Vector<java.lang.Object>

------------------------------------------------------------------------------------------------------------------------

[2017-10-30 03:19:15 #1 type] 
Type ActivityManagement.Controller.Activity is not enhanced.

[2017-10-30 03:19:15 #2 type] 
Type ActivityManagement.Controller.Person is not enhanced.

[2017-10-30 03:19:15 #3 type] 
Type ActivityManagement.Controller.HasActivity is not enhanced.

[2017-10-30 03:19:15 #4 type.registry] 
New type ActivityManagement.Controller.Role

------------------------------------------------------------------------------------------------------------------------

[2017-10-30 03:20:08 #1 type] 
Type ActivityManagement.Controller.Activity is not enhanced.

[2017-10-30 03:20:08 #2 type] 
Type ActivityManagement.Controller.Person is not enhanced.

[2017-10-30 03:20:08 #3 type] 
Type ActivityManagement.Controller.HasActivity is not enhanced.

------------------------------------------------------------------------------------------------------------------------

[2017-10-30 03:21:21 #1 type.registry] 
New type java.lang.Object[]

------------------------------------------------------------------------------------------------------------------------

[2017-10-30 03:24:16 #1 type] 
Type ActivityManagement.Controller.Activity is not enhanced.

[2017-10-30 03:24:16 #2 type] 
Type ActivityManagement.Controller.Person is not enhanced.

[2017-10-30 03:24:16 #3 type] 
Type ActivityManagement.Controller.HasActivity is not enhanced.

[2017-10-30 03:24:16 #4 type] 
Type ActivityManagement.Controller.Role is not enhanced.

------------------------------------------------------------------------------------------------------------------------

[2017-10-30 03:25:08 #1 type] 
Type ActivityManagement.Controller.Activity is not enhanced.

[2017-10-30 03:25:08 #2 type] 
Type ActivityManagement.Controller.Person is not enhanced.

[2017-10-30 03:25:08 #3 type] 
Type ActivityManagement.Controller.HasActivity is not enhanced.

[2017-10-30 03:25:08 #4 type] 
Type ActivityManagement.Controller.Role is not enhanced.

------------------------------------------------------------------------------------------------------------------------

[2017-10-30 03:25:18 #1 type.registry] 
New type ActivityManagement.Controller.Activity

[2017-10-30 03:25:18 #2 type] 
Type ActivityManagement.Controller.Activity is not enhanced.

[2017-10-30 03:25:18 #3 type.registry] 
New type ActivityManagement.Controller.SubActivity

[2017-10-30 03:25:18 #4 type.registry] 
New type java.util.Vector<ActivityManagement.Controller.SubActivity>

[2017-10-30 03:25:18 #5 type.registry] 
New type ActivityManagement.Controller.Person

[2017-10-30 03:25:18 #6 type] 
Type ActivityManagement.Controller.Person is not enhanced.

[2017-10-30 03:25:18 #7 type.registry] 
New type ActivityManagement.Controller.HasActivity

[2017-10-30 03:25:18 #8 type.registry] 
New type java.util.Vector<ActivityManagement.Controller.HasActivity>

[2017-10-30 03:25:18 #9 type] 
Type ActivityManagement.Controller.HasActivity is not enhanced.

------------------------------------------------------------------------------------------------------------------------

[2017-10-30 03:25:44 #1 type.registry] 
New type ActivityManagement.Controller.Activity

[2017-10-30 03:25:44 #2 type] 
Type ActivityManagement.Controller.Activity is not enhanced.

[2017-10-30 03:25:44 #3 type.registry] 
New type ActivityManagement.Controller.SubActivity

[2017-10-30 03:25:44 #4 type.registry] 
New type java.util.Vector<ActivityManagement.Controller.SubActivity>

[2017-10-30 03:25:44 #5 type.registry] 
New type ActivityManagement.Controller.Person

[2017-10-30 03:25:44 #6 type] 
Type ActivityManagement.Controller.Person is not enhanced.

[2017-10-30 03:25:44 #7 type.registry] 
New type ActivityManagement.Controller.HasActivity

[2017-10-30 03:25:44 #8 type.registry] 
New type java.util.Vector<ActivityManagement.Controller.HasActivity>

[2017-10-30 03:25:44 #9 type] 
Type ActivityManagement.Controller.HasActivity is not enhanced.

[2017-10-30 03:25:44 #10 type.registry] 
New type ActivityManagement.Controller.Role

[2017-10-30 03:25:44 #11 type] 
Type ActivityManagement.Controller.Role is not enhanced.

------------------------------------------------------------------------------------------------------------------------

[2017-10-30 03:26:41 #1 type.registry] 
New type ActivityManagement.Controller.Activity

[2017-10-30 03:26:41 #2 type] 
Type ActivityManagement.Controller.Activity is not enhanced.

[2017-10-30 03:26:41 #3 type.registry] 
New type ActivityManagement.Controller.SubActivity

[2017-10-30 03:26:41 #4 type.registry] 
New type java.util.Vector<ActivityManagement.Controller.SubActivity>

[2017-10-30 03:26:41 #5 type.registry] 
New type ActivityManagement.Controller.Person

[2017-10-30 03:26:41 #6 type] 
Type ActivityManagement.Controller.Person is not enhanced.

[2017-10-30 03:26:41 #7 type.registry] 
New type ActivityManagement.Controller.HasActivity

[2017-10-30 03:26:41 #8 type.registry] 
New type java.util.Vector<ActivityManagement.Controller.HasActivity>

[2017-10-30 03:26:41 #9 type] 
Type ActivityManagement.Controller.HasActivity is not enhanced.

[2017-10-30 03:26:41 #10 type.registry] 
New type ActivityManagement.Controller.Role

[2017-10-30 03:27:02 #2 type.registry] 
New type java.util.Vector<java.lang.Object>

------------------------------------------------------------------------------------------------------------------------

[2017-10-30 03:41:12 #1 type.registry] 
New type ActivityManagement.Controller.Activity

[2017-10-30 03:41:12 #2 type] 
Type ActivityManagement.Controller.Activity is not enhanced.

[2017-10-30 03:41:12 #3 type.registry] 
New type ActivityManagement.Controller.SubActivity

[2017-10-30 03:41:12 #4 type.registry] 
New type java.util.Vector<ActivityManagement.Controller.SubActivity>

[2017-10-30 03:41:12 #5 type.registry] 
New type ActivityManagement.Controller.Person

[2017-10-30 03:41:12 #6 type] 
Type ActivityManagement.Controller.Person is not enhanced.

[2017-10-30 03:41:12 #7 type.registry] 
New type ActivityManagement.Controller.HasActivity

[2017-10-30 03:41:12 #8 type.registry] 
New type java.util.Vector<ActivityManagement.Controller.HasActivity>

[2017-10-30 03:41:12 #9 type] 
Type ActivityManagement.Controller.HasActivity is not enhanced.

[2017-10-30 03:41:12 #10 type.registry] 
New type ActivityManagement.Controller.Role

[2017-10-30 03:41:24 #3 type.registry] 
New type java.util.Vector<java.lang.Object>

------------------------------------------------------------------------------------------------------------------------

[2017-10-30 03:43:00 #1 type] 
Type ActivityManagement.Controller.Activity is not enhanced.

[2017-10-30 03:43:00 #2 type] 
Type ActivityManagement.Controller.Person is not enhanced.

[2017-10-30 03:43:00 #3 type] 
Type ActivityManagement.Controller.HasActivity is not enhanced.

------------------------------------------------------------------------------------------------------------------------

[2017-10-30 03:45:36 #1 type] 
Type ActivityManagement.Controller.Activity is not enhanced.

[2017-10-30 03:45:36 #2 type] 
Type ActivityManagement.Controller.Person is not enhanced.

[2017-10-30 03:45:36 #3 type] 
Type ActivityManagement.Controller.HasActivity is not enhanced.

------------------------------------------------------------------------------------------------------------------------

[2017-10-30 03:49:44 #1 type] 
Type ActivityManagement.Controller.Activity is not enhanced.

[2017-10-30 03:49:44 #2 type] 
Type ActivityManagement.Controller.Person is not enhanced.

[2017-10-30 03:49:44 #3 type] 
Type ActivityManagement.Controller.HasActivity is not enhanced.

------------------------------------------------------------------------------------------------------------------------

[2017-10-30 03:51:51 #1 type] 
Type ActivityManagement.Controller.Activity is not enhanced.

[2017-10-30 03:51:51 #2 type] 
Type ActivityManagement.Controller.Person is not enhanced.

[2017-10-30 03:51:51 #3 type] 
Type ActivityManagement.Controller.HasActivity is not enhanced.

------------------------------------------------------------------------------------------------------------------------

[2017-10-30 03:52:55 #1 type] 
Type ActivityManagement.Controller.Activity is not enhanced.

[2017-10-30 03:52:55 #2 type] 
Type ActivityManagement.Controller.Person is not enhanced.

[2017-10-30 03:52:55 #3 type] 
Type ActivityManagement.Controller.HasActivity is not enhanced.

------------------------------------------------------------------------------------------------------------------------

[2017-10-30 03:54:05 #1 type] 
Type ActivityManagement.Controller.Activity is not enhanced.

[2017-10-30 03:54:05 #2 type] 
Type ActivityManagement.Controller.Person is not enhanced.

[2017-10-30 03:54:05 #3 type] 
Type ActivityManagement.Controller.HasActivity is not enhanced.

------------------------------------------------------------------------------------------------------------------------

[2017-10-30 03:55:38 #1 type] 
Type ActivityManagement.Controller.Activity is not enhanced.

[2017-10-30 03:55:38 #2 type] 
Type ActivityManagement.Controller.Person is not enhanced.

[2017-10-30 03:55:38 #3 type] 
Type ActivityManagement.Controller.HasActivity is not enhanced.

------------------------------------------------------------------------------------------------------------------------

[2017-10-30 03:59:42 #1 type.registry] 
New type ActivityManagement.Controller.Activity

[2017-10-30 03:59:42 #2 type] 
Type ActivityManagement.Controller.Activity is not enhanced.

[2017-10-30 03:59:42 #3 type.registry] 
New type ActivityManagement.Controller.SubActivity

[2017-10-30 03:59:42 #4 type.registry] 
New type ActivityManagement.Controller.Person

[2017-10-30 03:59:42 #5 type] 
Type ActivityManagement.Controller.Person is not enhanced.

[2017-10-30 03:59:42 #6 type.registry] 
New type ActivityManagement.Controller.HasActivity

[2017-10-30 03:59:42 #7 type] 
Type ActivityManagement.Controller.HasActivity is not enhanced.

[2017-10-30 03:59:42 #8 type.registry] 
New type ActivityManagement.Controller.Role

------------------------------------------------------------------------------------------------------------------------

[2017-10-30 04:02:26 #1 type] 
Type ActivityManagement.Controller.Activity is not enhanced.

[2017-10-30 04:02:26 #2 type] 
Type ActivityManagement.Controller.Person is not enhanced.

[2017-10-30 04:02:26 #3 type] 
Type ActivityManagement.Controller.HasActivity is not enhanced.

------------------------------------------------------------------------------------------------------------------------

[2017-10-30 04:05:51 #1 type.registry] 
New type ActivityManagement.Controller.Activity

[2017-10-30 04:05:51 #2 type] 
Type ActivityManagement.Controller.Activity is not enhanced.

[2017-10-30 04:05:51 #3 type.registry] 
New type ActivityManagement.Controller.SubActivity

[2017-10-30 04:05:51 #4 type.registry] 
New type ActivityManagement.Controller.Person

[2017-10-30 04:05:51 #5 type] 
Type ActivityManagement.Controller.Person is not enhanced.

[2017-10-30 04:05:51 #6 type.registry] 
New type ActivityManagement.Controller.HasActivity

[2017-10-30 04:05:51 #7 type.registry] 
New type java.util.ArrayList<ActivityManagement.Controller.HasActivity>

[2017-10-30 04:05:51 #8 type] 
Type ActivityManagement.Controller.HasActivity is not enhanced.

[2017-10-30 04:05:51 #9 type.registry] 
New type ActivityManagement.Controller.Role

[2017-10-30 04:06:03 #4 type.registry] 
New type java.util.ArrayList<java.lang.Object>

------------------------------------------------------------------------------------------------------------------------

[2017-10-30 04:06:57 #1 type] 
Type ActivityManagement.Controller.Activity is not enhanced.

[2017-10-30 04:06:57 #2 type] 
Type ActivityManagement.Controller.Person is not enhanced.

[2017-10-30 04:06:57 #3 type] 
Type ActivityManagement.Controller.HasActivity is not enhanced.

------------------------------------------------------------------------------------------------------------------------

[2017-10-30 04:07:59 #1 type] 
Type ActivityManagement.Controller.Activity is not enhanced.

[2017-10-30 04:07:59 #2 type] 
Type ActivityManagement.Controller.Person is not enhanced.

[2017-10-30 04:07:59 #3 type] 
Type ActivityManagement.Controller.HasActivity is not enhanced.

------------------------------------------------------------------------------------------------------------------------

[2017-10-30 04:09:03 #1 type] 
Type ActivityManagement.Controller.Activity is not enhanced.

[2017-10-30 04:09:03 #2 type] 
Type ActivityManagement.Controller.Person is not enhanced.

[2017-10-30 04:09:03 #3 type] 
Type ActivityManagement.Controller.HasActivity is not enhanced.

------------------------------------------------------------------------------------------------------------------------

[2017-10-30 04:09:44 #1 type] 
Type ActivityManagement.Controller.Activity is not enhanced.

[2017-10-30 04:09:44 #2 type] 
Type ActivityManagement.Controller.Person is not enhanced.

[2017-10-30 04:09:44 #3 type] 
Type ActivityManagement.Controller.HasActivity is not enhanced.

------------------------------------------------------------------------------------------------------------------------

[2017-10-30 04:11:48 #1 type] 
Type ActivityManagement.Controller.Activity is not enhanced.

[2017-10-30 04:11:48 #2 type] 
Type ActivityManagement.Controller.Person is not enhanced.

[2017-10-30 04:11:48 #3 type] 
Type ActivityManagement.Controller.HasActivity is not enhanced.

------------------------------------------------------------------------------------------------------------------------

[2017-10-30 04:13:45 #1 type.registry] 
New type ActivityManagement.Controller.Activity

[2017-10-30 04:13:45 #2 type] 
Type ActivityManagement.Controller.Activity is not enhanced.

[2017-10-30 04:13:45 #3 type.registry] 
New type ActivityManagement.Controller.SubActivity

[2017-10-30 04:13:45 #4 type.registry] 
New type ActivityManagement.Controller.Person

[2017-10-30 04:13:45 #5 type] 
Type ActivityManagement.Controller.Person is not enhanced.

[2017-10-30 04:13:45 #6 type.registry] 
New type ActivityManagement.Controller.HasActivity

[2017-10-30 04:13:45 #7 type.registry] 
New type java.util.ArrayList<ActivityManagement.Controller.HasActivity>

[2017-10-30 04:13:45 #8 type] 
Type ActivityManagement.Controller.HasActivity is not enhanced.

[2017-10-30 04:13:45 #9 type.registry] 
New type ActivityManagement.Controller.Role

[2017-10-30 04:13:46 #10 type.registry] 
New type java.util.ArrayList<java.lang.Object>

[2017-10-30 04:15:02 #5 type.registry] 
New type java.lang.Object[]

------------------------------------------------------------------------------------------------------------------------

[2017-10-30 04:15:35 #1 type] 
Type ActivityManagement.Controller.Activity is not enhanced.

[2017-10-30 04:15:35 #2 type] 
Type ActivityManagement.Controller.Person is not enhanced.

[2017-10-30 04:15:35 #3 type] 
Type ActivityManagement.Controller.HasActivity is not enhanced.

------------------------------------------------------------------------------------------------------------------------

[2017-10-30 04:17:04 #1 type] 
Type ActivityManagement.Controller.Activity is not enhanced.

[2017-10-30 04:17:04 #2 type] 
Type ActivityManagement.Controller.Person is not enhanced.

[2017-10-30 04:17:04 #3 type] 
Type ActivityManagement.Controller.HasActivity is not enhanced.

------------------------------------------------------------------------------------------------------------------------

[2017-10-30 04:17:38 #1 type.registry] 
New type ActivityManagement.Controller.Activity

[2017-10-30 04:17:38 #2 type] 
Type ActivityManagement.Controller.Activity is not enhanced.

[2017-10-30 04:17:38 #3 type.registry] 
New type ActivityManagement.Controller.SubActivity

[2017-10-30 04:17:38 #4 type.registry] 
New type ActivityManagement.Controller.Person

[2017-10-30 04:17:38 #5 type] 
Type ActivityManagement.Controller.Person is not enhanced.

[2017-10-30 04:17:38 #6 type.registry] 
New type ActivityManagement.Controller.HasActivity

[2017-10-30 04:17:38 #7 type.registry] 
New type java.util.ArrayList<ActivityManagement.Controller.HasActivity>

[2017-10-30 04:17:38 #8 type] 
Type ActivityManagement.Controller.HasActivity is not enhanced.

[2017-10-30 04:17:38 #9 type.registry] 
New type ActivityManagement.Controller.Role

[2017-10-30 04:17:39 #10 type.registry] 
New type java.util.ArrayList<java.lang.Object>

------------------------------------------------------------------------------------------------------------------------

[2017-10-30 04:18:41 #1 type] 
Type ActivityManagement.Controller.Activity is not enhanced.

[2017-10-30 04:18:41 #2 type] 
Type ActivityManagement.Controller.Person is not enhanced.

[2017-10-30 04:18:41 #3 type] 
Type ActivityManagement.Controller.HasActivity is not enhanced.

------------------------------------------------------------------------------------------------------------------------

[2017-10-30 04:19:27 #1 type] 
Type ActivityManagement.Controller.Activity is not enhanced.

[2017-10-30 04:19:27 #2 type] 
Type ActivityManagement.Controller.Person is not enhanced.

[2017-10-30 04:19:27 #3 type] 
Type ActivityManagement.Controller.HasActivity is not enhanced.

------------------------------------------------------------------------------------------------------------------------

[2017-10-30 04:26:34 #1 type] 
Type ActivityManagement.Controller.Activity is not enhanced.

[2017-10-30 04:26:34 #2 type] 
Type ActivityManagement.Controller.Person is not enhanced.

[2017-10-30 04:26:34 #3 type] 
Type ActivityManagement.Controller.HasActivity is not enhanced.

------------------------------------------------------------------------------------------------------------------------

[2017-10-30 04:28:51 #1 type] 
Type ActivityManagement.Controller.Activity is not enhanced.

[2017-10-30 04:28:51 #2 type.registry] 
New type java.util.ArrayList<ActivityManagement.Controller.SubActivity>

[2017-10-30 04:28:51 #3 type] 
Type ActivityManagement.Controller.Person is not enhanced.

[2017-10-30 04:28:51 #4 type] 
Type ActivityManagement.Controller.HasActivity is not enhanced.

------------------------------------------------------------------------------------------------------------------------

[2017-10-30 04:29:27 #1 type.registry] 
New type ActivityManagement.Controller.Activity

[2017-10-30 04:29:27 #2 type] 
Type ActivityManagement.Controller.Activity is not enhanced.

[2017-10-30 04:29:27 #3 type.registry] 
New type ActivityManagement.Controller.SubActivity

[2017-10-30 04:29:27 #4 type.registry] 
New type java.util.ArrayList<ActivityManagement.Controller.SubActivity>

[2017-10-30 04:29:27 #5 type.registry] 
New type ActivityManagement.Controller.Person

[2017-10-30 04:29:27 #6 type] 
Type ActivityManagement.Controller.Person is not enhanced.

[2017-10-30 04:29:27 #7 type.registry] 
New type ActivityManagement.Controller.HasActivity

[2017-10-30 04:29:27 #8 type.registry] 
New type java.util.ArrayList<ActivityManagement.Controller.HasActivity>

[2017-10-30 04:29:27 #9 type] 
Type ActivityManagement.Controller.HasActivity is not enhanced.

[2017-10-30 04:29:27 #10 type.registry] 
New type ActivityManagement.Controller.Role

------------------------------------------------------------------------------------------------------------------------

[2017-10-30 04:30:01 #1 type] 
Type ActivityManagement.Controller.Activity is not enhanced.

[2017-10-30 04:30:01 #2 type] 
Type ActivityManagement.Controller.Person is not enhanced.

[2017-10-30 04:30:01 #3 type] 
Type ActivityManagement.Controller.HasActivity is not enhanced.

[2017-10-30 04:30:02 #4 type.registry] 
New type java.util.ArrayList<java.lang.Object>

------------------------------------------------------------------------------------------------------------------------

[2017-10-30 04:42:23 #1 type.registry] 
New type ActivityManagement.Controller.Activity

[2017-10-30 04:42:23 #2 type] 
Type ActivityManagement.Controller.Activity is not enhanced.

[2017-10-30 04:42:23 #3 type.registry] 
New type ActivityManagement.Controller.SubActivity

[2017-10-30 04:42:23 #4 type.registry] 
New type ActivityManagement.Controller.Person

[2017-10-30 04:42:23 #5 type] 
Type ActivityManagement.Controller.Person is not enhanced.

[2017-10-30 04:42:23 #6 type.registry] 
New type ActivityManagement.Controller.HasActivity

[2017-10-30 04:42:23 #7 type] 
Type ActivityManagement.Controller.HasActivity is not enhanced.

[2017-10-30 04:42:23 #8 type.registry] 
New type ActivityManagement.Controller.Role

[2017-10-30 04:42:26 #9 type.registry] 
New type java.util.ArrayList<java.lang.Object>

[2017-10-30 04:42:26 #10 type.registry] 
New type java.util.ArrayList<ActivityManagement.Controller.HasActivity>

[2017-10-30 04:42:59 #11 type.registry] 
New type java.util.ArrayList<ActivityManagement.Controller.SubActivity>

------------------------------------------------------------------------------------------------------------------------

[2017-10-30 04:43:41 #1 type.registry] 
New type java.lang.Object[]

------------------------------------------------------------------------------------------------------------------------

[2017-10-30 04:45:45 #1 type] 
Type ActivityManagement.Controller.Activity is not enhanced.

[2017-10-30 04:45:45 #2 type] 
Type ActivityManagement.Controller.Person is not enhanced.

[2017-10-30 04:45:45 #3 type] 
Type ActivityManagement.Controller.HasActivity is not enhanced.

------------------------------------------------------------------------------------------------------------------------

[2017-10-30 04:46:49 #1 type] 
Type ActivityManagement.Controller.Activity is not enhanced.

[2017-10-30 04:46:49 #2 type] 
Type ActivityManagement.Controller.Person is not enhanced.

[2017-10-30 04:46:49 #3 type] 
Type ActivityManagement.Controller.HasActivity is not enhanced.

------------------------------------------------------------------------------------------------------------------------

[2017-10-30 04:48:23 #1 type] 
Type ActivityManagement.Controller.Activity is not enhanced.

[2017-10-30 04:48:23 #2 type] 
Type ActivityManagement.Controller.Person is not enhanced.

[2017-10-30 04:48:23 #3 type] 
Type ActivityManagement.Controller.HasActivity is not enhanced.

------------------------------------------------------------------------------------------------------------------------

[2017-10-30 04:49:38 #1 type.registry] 
New type ActivityManagement.Controller.Activity

[2017-10-30 04:49:38 #2 type] 
Type ActivityManagement.Controller.Activity is not enhanced.

[2017-10-30 04:49:38 #3 type.registry] 
New type ActivityManagement.Controller.SubActivity

[2017-10-30 04:49:38 #4 type.registry] 
New type ActivityManagement.Controller.Person

[2017-10-30 04:49:38 #5 type] 
Type ActivityManagement.Controller.Person is not enhanced.

[2017-10-30 04:49:38 #6 type.registry] 
New type ActivityManagement.Controller.HasActivity

[2017-10-30 04:49:38 #7 type] 
Type ActivityManagement.Controller.HasActivity is not enhanced.

[2017-10-30 04:49:38 #8 type.registry] 
New type ActivityManagement.Controller.Role

[2017-10-30 04:49:40 #9 type.registry] 
New type java.util.ArrayList<java.lang.Object>

[2017-10-30 04:49:40 #10 type.registry] 
New type java.util.ArrayList<ActivityManagement.Controller.HasActivity>

[2017-10-30 04:50:36 #11 type.registry] 
New type java.util.ArrayList<ActivityManagement.Controller.SubActivity>

------------------------------------------------------------------------------------------------------------------------

[2017-10-30 04:51:05 #1 type] 
Type ActivityManagement.Controller.Activity is not enhanced.

[2017-10-30 04:51:05 #2 type] 
Type ActivityManagement.Controller.Person is not enhanced.

[2017-10-30 04:51:05 #3 type] 
Type ActivityManagement.Controller.HasActivity is not enhanced.

------------------------------------------------------------------------------------------------------------------------

[2017-10-30 04:51:38 #1 type] 
Type ActivityManagement.Controller.Activity is not enhanced.

[2017-10-30 04:51:38 #2 type] 
Type ActivityManagement.Controller.Person is not enhanced.

[2017-10-30 04:51:38 #3 type] 
Type ActivityManagement.Controller.HasActivity is not enhanced.

------------------------------------------------------------------------------------------------------------------------

[2017-10-30 04:53:12 #1 type] 
Type ActivityManagement.Controller.Activity is not enhanced.

[2017-10-30 04:53:12 #2 type] 
Type ActivityManagement.Controller.Person is not enhanced.

[2017-10-30 04:53:12 #3 type] 
Type ActivityManagement.Controller.HasActivity is not enhanced.

------------------------------------------------------------------------------------------------------------------------

[2017-10-30 04:53:32 #1 type] 
Type ActivityManagement.Controller.Activity is not enhanced.

[2017-10-30 04:53:32 #2 type] 
Type ActivityManagement.Controller.Person is not enhanced.

[2017-10-30 04:53:32 #3 type] 
Type ActivityManagement.Controller.HasActivity is not enhanced.

------------------------------------------------------------------------------------------------------------------------

[2017-10-30 04:53:48 #1 type] 
Type ActivityManagement.Controller.Activity is not enhanced.

[2017-10-30 04:53:48 #2 type] 
Type ActivityManagement.Controller.Person is not enhanced.

[2017-10-30 04:53:48 #3 type] 
Type ActivityManagement.Controller.HasActivity is not enhanced.

------------------------------------------------------------------------------------------------------------------------

[2017-10-30 12:28:20 #1 server] 
Server on port 6136 has started by 4728@DESKTOP-HLJNJ8I

[2017-10-30 12:28:32 #2 store] 
Database 'E:\work\SE\Program\src\objectdb\db\ActivityManagementDB.odb' is opened by 4728@DESKTOP-HLJNJ8I

[2017-10-30 12:28:32 #3 store] 
Configuration path: E:\work\SE\Program\src\objectdb\objectdb.conf

------------------------------------------------------------------------------------------------------------------------

[2017-10-30 12:28:32 #1 type] 
Type ActivityManagement.Controller.Activity is not enhanced.

[2017-10-30 12:28:32 #2 type] 
Type ActivityManagement.Controller.Person is not enhanced.

[2017-10-30 12:28:32 #3 type] 
Type ActivityManagement.Controller.HasActivity is not enhanced.

[2017-10-30 12:28:32 #4 type.user] 
Enhancement of type ActivityManagement.Controller.Activity is old and cannot be used (7158170700364617974:4313584585774790901)

[2017-10-30 12:28:32 #5 type] 
Type ActivityManagement.Controller.Activity is not enhanced.

[2017-10-30 12:28:32 #6 type.user] 
Enhancement of type ActivityManagement.Controller.Person is old and cannot be used (-8547062444044082585:-3321198026415357340)

[2017-10-30 12:28:32 #7 type] 
Type ActivityManagement.Controller.Person is not enhanced.

[2017-10-30 12:28:32 #8 store] 
Database 'E:\work\SE\Program\src\objectdb\db\ActivityManagementDB.odb' is closed by 4728@DESKTOP-HLJNJ8I

[2017-10-30 12:28:40 #9 store] 
Database 'E:\work\SE\Program\src\objectdb\db\ActivityManagementDB.odb' is opened by 4728@DESKTOP-HLJNJ8I

[2017-10-30 12:28:40 #10 store] 
Configuration path: E:\work\SE\Program\src\objectdb\objectdb.conf

[2017-10-30 12:28:40 #11 store] 
Database 'E:\work\SE\Program\src\objectdb\db\ActivityManagementDB.odb' is closed by 4728@DESKTOP-HLJNJ8I

[2017-10-30 12:28:48 #12 store] 
Database 'E:\work\SE\Program\src\objectdb\db\ActivityManagementDB.odb' is opened by 4728@DESKTOP-HLJNJ8I

[2017-10-30 12:28:48 #13 store] 
Configuration path: E:\work\SE\Program\src\objectdb\objectdb.conf

[2017-10-30 12:28:55 #14 store] 
Database 'E:\work\SE\Program\src\objectdb\db\ActivityManagementDB.odb' is closed by 4728@DESKTOP-HLJNJ8I

[2017-10-30 12:29:02 #15 store] 
Database 'E:\work\SE\Program\src\objectdb\db\ActivityManagementDB.odb' is opened by 4728@DESKTOP-HLJNJ8I

[2017-10-30 12:29:02 #16 store] 
Configuration path: E:\work\SE\Program\src\objectdb\objectdb.conf

[2017-10-30 12:29:17 #17 store] 
Database 'E:\work\SE\Program\src\objectdb\db\ActivityManagementDB.odb' is closed by 4728@DESKTOP-HLJNJ8I

[2017-10-30 12:29:33 #18 store] 
Database 'E:\work\SE\Program\src\objectdb\db\ActivityManagementDB.odb' is opened by 4728@DESKTOP-HLJNJ8I

[2017-10-30 12:29:33 #19 store] 
Configuration path: E:\work\SE\Program\src\objectdb\objectdb.conf

------------------------------------------------------------------------------------------------------------------------

[2017-10-30 12:29:34 #1 type] 
Type ActivityManagement.Controller.Activity is not enhanced.

[2017-10-30 12:29:34 #2 type] 
Type ActivityManagement.Controller.Person is not enhanced.

[2017-10-30 12:29:34 #3 type] 
Type ActivityManagement.Controller.HasActivity is not enhanced.

[2017-10-30 12:29:34 #20 store] 
Database 'E:\work\SE\Program\src\objectdb\db\ActivityManagementDB.odb' is closed by 4728@DESKTOP-HLJNJ8I

[2017-10-30 12:29:37 #21 store] 
Database 'E:\work\SE\Program\src\objectdb\db\ActivityManagementDB.odb' is opened by 4728@DESKTOP-HLJNJ8I

[2017-10-30 12:29:37 #22 store] 
Configuration path: E:\work\SE\Program\src\objectdb\objectdb.conf

[2017-10-30 12:29:37 #23 store] 
Database 'E:\work\SE\Program\src\objectdb\db\ActivityManagementDB.odb' is closed by 4728@DESKTOP-HLJNJ8I

[2017-10-30 12:29:43 #24 store] 
Database 'E:\work\SE\Program\src\objectdb\db\ActivityManagementDB.odb' is opened by 4728@DESKTOP-HLJNJ8I

[2017-10-30 12:29:43 #25 store] 
Configuration path: E:\work\SE\Program\src\objectdb\objectdb.conf

[2017-10-30 12:29:51 #26 store] 
Database 'E:\work\SE\Program\src\objectdb\db\ActivityManagementDB.odb' is closed by 4728@DESKTOP-HLJNJ8I

[2017-10-30 12:47:15 #27 store] 
Database 'E:\work\SE\Program\src\objectdb\db\ActivityManagementDB.odb' is opened by 4728@DESKTOP-HLJNJ8I

[2017-10-30 12:47:15 #28 store] 
Configuration path: E:\work\SE\Program\src\objectdb\objectdb.conf

[2017-10-30 12:47:23 #29 store] 
Database 'E:\work\SE\Program\src\objectdb\db\ActivityManagementDB.odb' is closed by 4728@DESKTOP-HLJNJ8I

[2017-10-30 12:47:29 #30 store] 
Database 'E:\work\SE\Program\src\objectdb\db\ActivityManagementDB.odb' is opened by 4728@DESKTOP-HLJNJ8I

[2017-10-30 12:47:29 #31 store] 
Configuration path: E:\work\SE\Program\src\objectdb\objectdb.conf

------------------------------------------------------------------------------------------------------------------------

[2017-10-30 12:47:29 #1 type] 
Type ActivityManagement.Controller.Activity is not enhanced.

[2017-10-30 12:47:29 #2 type] 
Type ActivityManagement.Controller.Person is not enhanced.

[2017-10-30 12:47:29 #3 type] 
Type ActivityManagement.Controller.HasActivity is not enhanced.

[2017-10-30 12:47:29 #32 store] 
Database 'E:\work\SE\Program\src\objectdb\db\ActivityManagementDB.odb' is closed by 4728@DESKTOP-HLJNJ8I

[2017-10-30 12:47:39 #33 store] 
Database 'E:\work\SE\Program\src\objectdb\db\ActivityManagementDB.odb' is opened by 4728@DESKTOP-HLJNJ8I

[2017-10-30 12:47:39 #34 store] 
Configuration path: E:\work\SE\Program\src\objectdb\objectdb.conf

[2017-10-30 12:47:39 #35 store] 
Database 'E:\work\SE\Program\src\objectdb\db\ActivityManagementDB.odb' is closed by 4728@DESKTOP-HLJNJ8I

[2017-10-30 12:47:45 #36 store] 
Database 'E:\work\SE\Program\src\objectdb\db\ActivityManagementDB.odb' is opened by 4728@DESKTOP-HLJNJ8I

[2017-10-30 12:47:45 #37 store] 
Configuration path: E:\work\SE\Program\src\objectdb\objectdb.conf

[2017-10-30 12:49:44 #38 store] 
Database 'E:\work\SE\Program\src\objectdb\db\ActivityManagementDB.odb' is closed by 4728@DESKTOP-HLJNJ8I

[2017-10-30 12:51:39 #39 store] 
Database 'E:\work\SE\Program\src\objectdb\db\ActivityManagementDB.odb' is opened by 4728@DESKTOP-HLJNJ8I

[2017-10-30 12:51:39 #40 store] 
Configuration path: E:\work\SE\Program\src\objectdb\objectdb.conf

------------------------------------------------------------------------------------------------------------------------

[2017-10-30 12:51:39 #1 type] 
Type ActivityManagement.Controller.Activity is not enhanced.

[2017-10-30 12:51:39 #2 type] 
Type ActivityManagement.Controller.Person is not enhanced.

[2017-10-30 12:51:39 #3 type] 
Type ActivityManagement.Controller.HasActivity is not enhanced.

[2017-10-30 12:51:39 #41 store] 
Database 'E:\work\SE\Program\src\objectdb\db\ActivityManagementDB.odb' is closed by 4728@DESKTOP-HLJNJ8I

[2017-10-30 12:51:42 #42 store] 
Database 'E:\work\SE\Program\src\objectdb\db\ActivityManagementDB.odb' is opened by 4728@DESKTOP-HLJNJ8I

[2017-10-30 12:51:42 #43 store] 
Configuration path: E:\work\SE\Program\src\objectdb\objectdb.conf

[2017-10-30 12:51:42 #44 store] 
Database 'E:\work\SE\Program\src\objectdb\db\ActivityManagementDB.odb' is closed by 4728@DESKTOP-HLJNJ8I

[2017-10-30 12:51:48 #45 store] 
Database 'E:\work\SE\Program\src\objectdb\db\ActivityManagementDB.odb' is opened by 4728@DESKTOP-HLJNJ8I

[2017-10-30 12:51:48 #46 store] 
Configuration path: E:\work\SE\Program\src\objectdb\objectdb.conf

[2017-10-30 12:51:50 #47 store] 
Database 'E:\work\SE\Program\src\objectdb\db\ActivityManagementDB.odb' is closed by 4728@DESKTOP-HLJNJ8I

[2017-10-30 12:53:03 #48 store] 
Database 'E:\work\SE\Program\src\objectdb\db\ActivityManagementDB.odb' is opened by 4728@DESKTOP-HLJNJ8I

[2017-10-30 12:53:03 #49 store] 
Configuration path: E:\work\SE\Program\src\objectdb\objectdb.conf

------------------------------------------------------------------------------------------------------------------------

[2017-10-30 12:53:04 #1 type] 
Type ActivityManagement.Controller.Activity is not enhanced.

[2017-10-30 12:53:04 #2 type] 
Type ActivityManagement.Controller.Person is not enhanced.

[2017-10-30 12:53:04 #3 type] 
Type ActivityManagement.Controller.HasActivity is not enhanced.

[2017-10-30 12:53:04 #50 store] 
Database 'E:\work\SE\Program\src\objectdb\db\ActivityManagementDB.odb' is closed by 4728@DESKTOP-HLJNJ8I

[2017-10-30 12:53:08 #51 store] 
Database 'E:\work\SE\Program\src\objectdb\db\ActivityManagementDB.odb' is opened by 4728@DESKTOP-HLJNJ8I

[2017-10-30 12:53:08 #52 store] 
Configuration path: E:\work\SE\Program\src\objectdb\objectdb.conf

[2017-10-30 12:53:08 #53 store] 
Database 'E:\work\SE\Program\src\objectdb\db\ActivityManagementDB.odb' is closed by 4728@DESKTOP-HLJNJ8I

[2017-10-30 12:53:15 #54 store] 
Database 'E:\work\SE\Program\src\objectdb\db\ActivityManagementDB.odb' is opened by 4728@DESKTOP-HLJNJ8I

[2017-10-30 12:53:15 #55 store] 
Configuration path: E:\work\SE\Program\src\objectdb\objectdb.conf

[2017-10-30 12:54:21 #56 store] 
Database 'E:\work\SE\Program\src\objectdb\db\ActivityManagementDB.odb' is closed by 4728@DESKTOP-HLJNJ8I

[2017-10-30 12:54:48 #57 store] 
Database 'E:\work\SE\Program\src\objectdb\db\ActivityManagementDB.odb' is opened by 4728@DESKTOP-HLJNJ8I

[2017-10-30 12:54:48 #58 store] 
Configuration path: E:\work\SE\Program\src\objectdb\objectdb.conf

------------------------------------------------------------------------------------------------------------------------

[2017-10-30 12:54:48 #1 type.registry] 
New type ActivityManagement.Controller.Activity

[2017-10-30 12:54:48 #2 type] 
Type ActivityManagement.Controller.Activity is not enhanced.

[2017-10-30 12:54:48 #3 type.registry] 
New type ActivityManagement.Controller.SubActivity

[2017-10-30 12:54:48 #4 type.registry] 
New type java.util.ArrayList<ActivityManagement.Controller.SubActivity>

[2017-10-30 12:54:48 #5 type.registry] 
New type ActivityManagement.Controller.Person

[2017-10-30 12:54:48 #6 type] 
Type ActivityManagement.Controller.Person is not enhanced.

[2017-10-30 12:54:48 #7 type.registry] 
New type ActivityManagement.Controller.HasActivity

[2017-10-30 12:54:48 #8 type.registry] 
New type java.util.ArrayList<ActivityManagement.Controller.HasActivity>

[2017-10-30 12:54:48 #9 type] 
Type ActivityManagement.Controller.HasActivity is not enhanced.

[2017-10-30 12:54:48 #10 type.registry] 
New type ActivityManagement.Controller.Role

[2017-10-30 12:54:48 #59 store] 
Database 'E:\work\SE\Program\src\objectdb\db\ActivityManagementDB.odb' is closed by 4728@DESKTOP-HLJNJ8I

[2017-10-30 12:54:51 #60 store] 
Database 'E:\work\SE\Program\src\objectdb\db\ActivityManagementDB.odb' is opened by 4728@DESKTOP-HLJNJ8I

[2017-10-30 12:54:51 #61 store] 
Configuration path: E:\work\SE\Program\src\objectdb\objectdb.conf

[2017-10-30 12:54:51 #62 store] 
Database 'E:\work\SE\Program\src\objectdb\db\ActivityManagementDB.odb' is closed by 4728@DESKTOP-HLJNJ8I

[2017-10-30 12:54:54 #63 store] 
Database 'E:\work\SE\Program\src\objectdb\db\ActivityManagementDB.odb' is opened by 4728@DESKTOP-HLJNJ8I

[2017-10-30 12:54:54 #64 store] 
Configuration path: E:\work\SE\Program\src\objectdb\objectdb.conf

------------------------------------------------------------------------------------------------------------------------

[2017-10-30 12:54:57 #1 type.registry] 
New type java.util.ArrayList<java.lang.Object>

[2017-10-30 12:55:16 #65 store] 
Database 'E:\work\SE\Program\src\objectdb\db\ActivityManagementDB.odb' is closed by 4728@DESKTOP-HLJNJ8I

[2017-10-30 12:55:20 #66 store] 
Database 'E:\work\SE\Program\src\objectdb\db\ActivityManagementDB.odb' is opened by 4728@DESKTOP-HLJNJ8I

[2017-10-30 12:55:20 #67 store] 
Configuration path: E:\work\SE\Program\src\objectdb\objectdb.conf

[2017-10-30 12:55:20 #68 store] 
Database 'E:\work\SE\Program\src\objectdb\db\ActivityManagementDB.odb' is closed by 4728@DESKTOP-HLJNJ8I

[2017-10-30 12:55:44 #69 store] 
Database 'E:\work\SE\Program\src\objectdb\db\ActivityManagementDB.odb' is opened by 4728@DESKTOP-HLJNJ8I

[2017-10-30 12:55:44 #70 store] 
Configuration path: E:\work\SE\Program\src\objectdb\objectdb.conf

[2017-10-30 12:55:59 #71 store] 
Database 'E:\work\SE\Program\src\objectdb\db\ActivityManagementDB.odb' is closed by 4728@DESKTOP-HLJNJ8I

[2017-10-30 12:56:12 #72 store] 
Database 'E:\work\SE\Program\src\objectdb\db\ActivityManagementDB.odb' is opened by 4728@DESKTOP-HLJNJ8I

[2017-10-30 12:56:12 #73 store] 
Configuration path: E:\work\SE\Program\src\objectdb\objectdb.conf

[2017-10-30 12:57:28 #74 store] 
Database 'E:\work\SE\Program\src\objectdb\db\ActivityManagementDB.odb' is closed by 4728@DESKTOP-HLJNJ8I

[2017-10-30 12:57:33 #75 store] 
Database 'E:\work\SE\Program\src\objectdb\db\ActivityManagementDB.odb' is opened by 4728@DESKTOP-HLJNJ8I

[2017-10-30 12:57:33 #76 store] 
Configuration path: E:\work\SE\Program\src\objectdb\objectdb.conf

------------------------------------------------------------------------------------------------------------------------

[2017-10-30 12:57:33 #1 type] 
Type ActivityManagement.Controller.Activity is not enhanced.

[2017-10-30 12:57:33 #2 type] 
Type ActivityManagement.Controller.Person is not enhanced.

[2017-10-30 12:57:33 #3 type] 
Type ActivityManagement.Controller.HasActivity is not enhanced.

[2017-10-30 12:57:33 #77 store] 
Database 'E:\work\SE\Program\src\objectdb\db\ActivityManagementDB.odb' is closed by 4728@DESKTOP-HLJNJ8I

[2017-10-30 12:57:36 #78 store] 
Database 'E:\work\SE\Program\src\objectdb\db\ActivityManagementDB.odb' is opened by 4728@DESKTOP-HLJNJ8I

[2017-10-30 12:57:36 #79 store] 
Configuration path: E:\work\SE\Program\src\objectdb\objectdb.conf

[2017-10-30 12:57:36 #80 store] 
Database 'E:\work\SE\Program\src\objectdb\db\ActivityManagementDB.odb' is closed by 4728@DESKTOP-HLJNJ8I

[2017-10-30 12:57:43 #81 store] 
Database 'E:\work\SE\Program\src\objectdb\db\ActivityManagementDB.odb' is opened by 4728@DESKTOP-HLJNJ8I

[2017-10-30 12:57:43 #82 store] 
Configuration path: E:\work\SE\Program\src\objectdb\objectdb.conf

[2017-10-30 12:59:16 #83 store] 
Database 'E:\work\SE\Program\src\objectdb\db\ActivityManagementDB.odb' is closed by 4728@DESKTOP-HLJNJ8I

[2017-10-30 12:59:29 #84 store] 
Database 'E:\work\SE\Program\src\objectdb\db\ActivityManagementDB.odb' is opened by 4728@DESKTOP-HLJNJ8I

[2017-10-30 12:59:29 #85 store] 
Configuration path: E:\work\SE\Program\src\objectdb\objectdb.conf

------------------------------------------------------------------------------------------------------------------------

[2017-10-30 12:59:29 #1 type.registry] 
New type ActivityManagement.Controller.Activity

[2017-10-30 12:59:29 #2 type] 
Type ActivityManagement.Controller.Activity is not enhanced.

[2017-10-30 12:59:29 #3 type.registry] 
New type ActivityManagement.Controller.SubActivity

[2017-10-30 12:59:29 #4 type.registry] 
New type java.util.ArrayList<ActivityManagement.Controller.SubActivity>

[2017-10-30 12:59:29 #5 type.registry] 
New type ActivityManagement.Controller.Person

[2017-10-30 12:59:29 #6 type] 
Type ActivityManagement.Controller.Person is not enhanced.

[2017-10-30 12:59:29 #7 type.registry] 
New type ActivityManagement.Controller.HasActivity

[2017-10-30 12:59:29 #8 type.registry] 
New type java.util.ArrayList<ActivityManagement.Controller.HasActivity>

[2017-10-30 12:59:29 #9 type] 
Type ActivityManagement.Controller.HasActivity is not enhanced.

[2017-10-30 12:59:29 #10 type.registry] 
New type ActivityManagement.Controller.Role

[2017-10-30 12:59:29 #86 store] 
Database 'E:\work\SE\Program\src\objectdb\db\ActivityManagementDB.odb' is closed by 4728@DESKTOP-HLJNJ8I

[2017-10-30 12:59:30 #87 store] 
Database 'E:\work\SE\Program\src\objectdb\db\ActivityManagementDB.odb' is opened by 4728@DESKTOP-HLJNJ8I

[2017-10-30 12:59:30 #88 store] 
Configuration path: E:\work\SE\Program\src\objectdb\objectdb.conf

[2017-10-30 12:59:31 #11 type.registry] 
New type java.util.ArrayList<java.lang.Object>

[2017-10-30 12:59:31 #89 store] 
Database 'E:\work\SE\Program\src\objectdb\db\ActivityManagementDB.odb' is closed by 4728@DESKTOP-HLJNJ8I

[2017-10-30 12:59:33 #90 store] 
Database 'E:\work\SE\Program\src\objectdb\db\ActivityManagementDB.odb' is opened by 4728@DESKTOP-HLJNJ8I

[2017-10-30 12:59:33 #91 store] 
Configuration path: E:\work\SE\Program\src\objectdb\objectdb.conf

[2017-10-30 12:59:48 #92 store] 
Database 'E:\work\SE\Program\src\objectdb\db\ActivityManagementDB.odb' is closed by 4728@DESKTOP-HLJNJ8I

[2017-10-30 12:59:51 #93 store] 
Database 'E:\work\SE\Program\src\objectdb\db\ActivityManagementDB.odb' is opened by 4728@DESKTOP-HLJNJ8I

[2017-10-30 12:59:51 #94 store] 
Configuration path: E:\work\SE\Program\src\objectdb\objectdb.conf

[2017-10-30 12:59:51 #95 store] 
Database 'E:\work\SE\Program\src\objectdb\db\ActivityManagementDB.odb' is closed by 4728@DESKTOP-HLJNJ8I

[2017-10-30 13:00:02 #96 store] 
Database 'E:\work\SE\Program\src\objectdb\db\ActivityManagementDB.odb' is opened by 4728@DESKTOP-HLJNJ8I

[2017-10-30 13:00:02 #97 store] 
Configuration path: E:\work\SE\Program\src\objectdb\objectdb.conf

[2017-10-30 13:00:17 #98 store] 
Database 'E:\work\SE\Program\src\objectdb\db\ActivityManagementDB.odb' is closed by 4728@DESKTOP-HLJNJ8I

[2017-10-30 13:00:36 #99 store] 
Database 'E:\work\SE\Program\src\objectdb\db\ActivityManagementDB.odb' is opened by 4728@DESKTOP-HLJNJ8I

[2017-10-30 13:00:36 #100 store] 
Configuration path: E:\work\SE\Program\src\objectdb\objectdb.conf

[2017-10-30 13:00:44 #101 store] 
Database 'E:\work\SE\Program\src\objectdb\db\ActivityManagementDB.odb' is closed by 4728@DESKTOP-HLJNJ8I

[2017-10-30 13:00:51 #102 store] 
Database 'E:\work\SE\Program\src\objectdb\db\ActivityManagementDB.odb' is opened by 4728@DESKTOP-HLJNJ8I

[2017-10-30 13:00:51 #103 store] 
Configuration path: E:\work\SE\Program\src\objectdb\objectdb.conf

------------------------------------------------------------------------------------------------------------------------

[2017-10-30 13:00:51 #1 type] 
Type ActivityManagement.Controller.Activity is not enhanced.

[2017-10-30 13:00:51 #2 type] 
Type ActivityManagement.Controller.Person is not enhanced.

[2017-10-30 13:00:51 #3 type] 
Type ActivityManagement.Controller.HasActivity is not enhanced.

[2017-10-30 13:00:51 #104 store] 
Database 'E:\work\SE\Program\src\objectdb\db\ActivityManagementDB.odb' is closed by 4728@DESKTOP-HLJNJ8I

[2017-10-30 13:00:56 #105 store] 
Database 'E:\work\SE\Program\src\objectdb\db\ActivityManagementDB.odb' is opened by 4728@DESKTOP-HLJNJ8I

[2017-10-30 13:00:56 #106 store] 
Configuration path: E:\work\SE\Program\src\objectdb\objectdb.conf

[2017-10-30 13:00:56 #107 store] 
Database 'E:\work\SE\Program\src\objectdb\db\ActivityManagementDB.odb' is closed by 4728@DESKTOP-HLJNJ8I

[2017-10-30 13:01:07 #108 store] 
Database 'E:\work\SE\Program\src\objectdb\db\ActivityManagementDB.odb' is opened by 4728@DESKTOP-HLJNJ8I

[2017-10-30 13:01:07 #109 store] 
Configuration path: E:\work\SE\Program\src\objectdb\objectdb.conf

[2017-10-30 13:01:20 #110 store] 
Database 'E:\work\SE\Program\src\objectdb\db\ActivityManagementDB.odb' is closed by 4728@DESKTOP-HLJNJ8I

[2017-10-30 14:47:59 #111 store] 
Database 'E:\work\SE\Program\src\objectdb\db\ActivityManagementDB.odb' is opened by 4728@DESKTOP-HLJNJ8I

[2017-10-30 14:47:59 #112 store] 
Configuration path: E:\work\SE\Program\src\objectdb\objectdb.conf

------------------------------------------------------------------------------------------------------------------------

[2017-10-30 14:47:59 #1 type] 
Type ActivityManagement.Controller.Activity is not enhanced.

[2017-10-30 14:47:59 #2 type] 
Type ActivityManagement.Controller.Person is not enhanced.

[2017-10-30 14:47:59 #3 type] 
Type ActivityManagement.Controller.HasActivity is not enhanced.

[2017-10-30 14:47:59 #113 store] 
Database 'E:\work\SE\Program\src\objectdb\db\ActivityManagementDB.odb' is closed by 4728@DESKTOP-HLJNJ8I

[2017-10-30 14:48:03 #114 store] 
Database 'E:\work\SE\Program\src\objectdb\db\ActivityManagementDB.odb' is opened by 4728@DESKTOP-HLJNJ8I

[2017-10-30 14:48:03 #115 store] 
Configuration path: E:\work\SE\Program\src\objectdb\objectdb.conf

[2017-10-30 14:48:09 #116 store] 
Database 'E:\work\SE\Program\src\objectdb\db\ActivityManagementDB.odb' is closed by 4728@DESKTOP-HLJNJ8I

[2017-10-30 14:48:14 #117 store] 
Database 'E:\work\SE\Program\src\objectdb\db\ActivityManagementDB.odb' is opened by 4728@DESKTOP-HLJNJ8I

[2017-10-30 14:48:14 #118 store] 
Configuration path: E:\work\SE\Program\src\objectdb\objectdb.conf

[2017-10-30 14:48:14 #119 store] 
Database 'E:\work\SE\Program\src\objectdb\db\ActivityManagementDB.odb' is closed by 4728@DESKTOP-HLJNJ8I

[2017-10-30 14:48:21 #120 store] 
Database 'E:\work\SE\Program\src\objectdb\db\ActivityManagementDB.odb' is opened by 4728@DESKTOP-HLJNJ8I

[2017-10-30 14:48:21 #121 store] 
Configuration path: E:\work\SE\Program\src\objectdb\objectdb.conf

[2017-10-30 14:48:50 #122 store] 
Database 'E:\work\SE\Program\src\objectdb\db\ActivityManagementDB.odb' is closed by 4728@DESKTOP-HLJNJ8I

[2017-10-30 14:49:25 #123 store] 
Database 'E:\work\SE\Program\src\objectdb\db\ActivityManagementDB.odb' is opened by 4728@DESKTOP-HLJNJ8I

[2017-10-30 14:49:25 #124 store] 
Configuration path: E:\work\SE\Program\src\objectdb\objectdb.conf

------------------------------------------------------------------------------------------------------------------------

[2017-10-30 14:49:26 #1 type] 
Type ActivityManagement.Controller.Activity is not enhanced.

[2017-10-30 14:49:26 #2 type] 
Type ActivityManagement.Controller.Person is not enhanced.

[2017-10-30 14:49:26 #3 type] 
Type ActivityManagement.Controller.HasActivity is not enhanced.

[2017-10-30 14:49:26 #125 store] 
Database 'E:\work\SE\Program\src\objectdb\db\ActivityManagementDB.odb' is closed by 4728@DESKTOP-HLJNJ8I

[2017-10-30 14:49:27 #126 store] 
Database 'E:\work\SE\Program\src\objectdb\db\ActivityManagementDB.odb' is opened by 4728@DESKTOP-HLJNJ8I

[2017-10-30 14:49:27 #127 store] 
Configuration path: E:\work\SE\Program\src\objectdb\objectdb.conf

[2017-10-30 14:49:29 #128 store] 
Database 'E:\work\SE\Program\src\objectdb\db\ActivityManagementDB.odb' is closed by 4728@DESKTOP-HLJNJ8I

[2017-10-30 14:49:32 #129 store] 
Database 'E:\work\SE\Program\src\objectdb\db\ActivityManagementDB.odb' is opened by 4728@DESKTOP-HLJNJ8I

[2017-10-30 14:49:32 #130 store] 
Configuration path: E:\work\SE\Program\src\objectdb\objectdb.conf

[2017-10-30 14:49:32 #131 store] 
Database 'E:\work\SE\Program\src\objectdb\db\ActivityManagementDB.odb' is closed by 4728@DESKTOP-HLJNJ8I

[2017-10-30 14:49:33 #132 store] 
Database 'E:\work\SE\Program\src\objectdb\db\ActivityManagementDB.odb' is opened by 4728@DESKTOP-HLJNJ8I

[2017-10-30 14:49:33 #133 store] 
Configuration path: E:\work\SE\Program\src\objectdb\objectdb.conf

[2017-10-30 14:49:41 #134 store] 
Database 'E:\work\SE\Program\src\objectdb\db\ActivityManagementDB.odb' is closed by 4728@DESKTOP-HLJNJ8I

[2017-10-30 14:49:59 #135 store] 
Database 'E:\work\SE\Program\src\objectdb\db\ActivityManagementDB.odb' is opened by 4728@DESKTOP-HLJNJ8I

[2017-10-30 14:49:59 #136 store] 
Configuration path: E:\work\SE\Program\src\objectdb\objectdb.conf

------------------------------------------------------------------------------------------------------------------------

[2017-10-30 14:49:59 #1 type.registry] 
New type ActivityManagement.Controller.Activity

[2017-10-30 14:49:59 #2 type] 
Type ActivityManagement.Controller.Activity is not enhanced.

[2017-10-30 14:49:59 #3 type.registry] 
New type ActivityManagement.Controller.SubActivity

[2017-10-30 14:49:59 #4 type.registry] 
New type java.util.ArrayList<ActivityManagement.Controller.SubActivity>

[2017-10-30 14:49:59 #5 type.registry] 
New type ActivityManagement.Controller.Person

[2017-10-30 14:49:59 #6 type] 
Type ActivityManagement.Controller.Person is not enhanced.

[2017-10-30 14:49:59 #7 type.registry] 
New type ActivityManagement.Controller.HasActivity

[2017-10-30 14:49:59 #8 type.registry] 
New type java.util.ArrayList<ActivityManagement.Controller.HasActivity>

[2017-10-30 14:49:59 #9 type] 
Type ActivityManagement.Controller.HasActivity is not enhanced.

[2017-10-30 14:49:59 #10 type.registry] 
New type ActivityManagement.Controller.Role

[2017-10-30 14:49:59 #137 store] 
Database 'E:\work\SE\Program\src\objectdb\db\ActivityManagementDB.odb' is closed by 4728@DESKTOP-HLJNJ8I

[2017-10-30 14:50:00 #138 store] 
Database 'E:\work\SE\Program\src\objectdb\db\ActivityManagementDB.odb' is opened by 4728@DESKTOP-HLJNJ8I

[2017-10-30 14:50:00 #139 store] 
Configuration path: E:\work\SE\Program\src\objectdb\objectdb.conf

[2017-10-30 14:50:00 #11 type.registry] 
New type java.util.ArrayList<java.lang.Object>

[2017-10-30 14:50:00 #140 store] 
Database 'E:\work\SE\Program\src\objectdb\db\ActivityManagementDB.odb' is closed by 4728@DESKTOP-HLJNJ8I

[2017-10-30 14:50:03 #141 store] 
Database 'E:\work\SE\Program\src\objectdb\db\ActivityManagementDB.odb' is opened by 4728@DESKTOP-HLJNJ8I

[2017-10-30 14:50:03 #142 store] 
Configuration path: E:\work\SE\Program\src\objectdb\objectdb.conf

[2017-10-30 14:50:38 #143 store] 
Database 'E:\work\SE\Program\src\objectdb\db\ActivityManagementDB.odb' is closed by 4728@DESKTOP-HLJNJ8I

