------------------------------------------------------------------------------------------------------------------------

[2017-10-29 16:35:25 #1 store] 
Database 'E:\work\SE\objectdb-2.7.2_02\db\world.odb' is opened by 3592@DESKTOP-HLJNJ8I

[2017-10-29 16:35:25 #2 store] 
Configuration path: ?

[2017-10-29 16:35:45 #3 store] 
Database 'E:\work\SE\objectdb-2.7.2_02\db\world.odb' is closed by 3592@DESKTOP-HLJNJ8I

[2017-10-29 16:35:45 #4 store] 
Database 'E:\work\SE\objectdb-2.7.2_02\db\points.odb' is opened by 3592@DESKTOP-HLJNJ8I

[2017-10-29 16:35:45 #5 store] 
Configuration path: ?

[2017-10-29 16:36:11 #6 store] 
Database 'E:\work\SE\objectdb-2.7.2_02\db\points.odb' is closed by 3592@DESKTOP-HLJNJ8I

------------------------------------------------------------------------------------------------------------------------

[2017-10-29 17:17:20 #1 store] 
Database 'E:\work\SE\Program\src\objectdb\db\persons.odb' is opened by 11304@DESKTOP-HLJNJ8I

[2017-10-29 17:17:20 #2 store] 
Configuration path: ?

[2017-10-29 17:17:20 #3 type.registry] 
New type ActivityManagement.Controller.Person

[2017-10-29 17:17:20 #4 type] 
Type ActivityManagement.Controller.Person is not enhanced.

------------------------------------------------------------------------------------------------------------------------

[2017-10-29 17:17:50 #1 store] 
Database 'E:\work\SE\Program\src\objectdb\db\persons.odb' has been recovered (tr. 1-4)

[2017-10-29 17:17:50 #2 store] 
Database 'E:\work\SE\Program\src\objectdb\db\persons.odb' is opened by 14544@DESKTOP-HLJNJ8I

[2017-10-29 17:17:50 #3 store] 
Configuration path: ?

[2017-10-29 17:17:59 #4 store] 
Database 'E:\work\SE\Program\src\objectdb\db\persons.odb' is closed by 14544@DESKTOP-HLJNJ8I

[2017-10-29 17:17:59 #5 store] 
Database 'E:\work\SE\Program\src\objectdb\db\persons.odb' is opened by 14544@DESKTOP-HLJNJ8I

[2017-10-29 17:17:59 #6 store] 
Configuration path: ?

[2017-10-29 17:29:42 #7 store] 
Database 'E:\work\SE\Program\src\objectdb\db\persons.odb' is closed by 14544@DESKTOP-HLJNJ8I

------------------------------------------------------------------------------------------------------------------------

[2017-10-29 17:29:46 #1 store] 
Database 'E:\work\SE\Program\src\objectdb\db\persons.odb' is opened by 4352@DESKTOP-HLJNJ8I

[2017-10-29 17:29:46 #2 store] 
Configuration path: ?

[2017-10-29 17:29:46 #3 type] 
Type ActivityManagement.Controller.Person is not enhanced.

------------------------------------------------------------------------------------------------------------------------

[2017-10-29 17:29:53 #1 store] 
Database 'E:\work\SE\Program\src\objectdb\db\persons.odb' has been recovered (tr. 5-5)

[2017-10-29 17:29:53 #2 store] 
Database 'E:\work\SE\Program\src\objectdb\db\persons.odb' is opened by 13524@DESKTOP-HLJNJ8I

[2017-10-29 17:29:53 #3 store] 
Configuration path: ?

[2017-10-29 17:30:31 #4 store] 
Database 'E:\work\SE\Program\src\objectdb\db\persons.odb' is closed by 13524@DESKTOP-HLJNJ8I

------------------------------------------------------------------------------------------------------------------------

[2017-10-29 17:30:36 #1 store] 
Database 'E:\work\SE\Program\src\objectdb\db\persons.odb' is opened by 12712@DESKTOP-HLJNJ8I

[2017-10-29 17:30:36 #2 store] 
Configuration path: ?

[2017-10-29 17:30:36 #3 type] 
Type ActivityManagement.Controller.Person is not enhanced.

[2017-10-29 17:30:44 #5 store] 
Database 'E:\work\SE\Program\src\objectdb\db\persons.odb' has been recovered (tr. 6-6)

[2017-10-29 17:30:44 #6 store] 
Database 'E:\work\SE\Program\src\objectdb\db\persons.odb' is opened by 13524@DESKTOP-HLJNJ8I

[2017-10-29 17:30:44 #7 store] 
Configuration path: ?

[2017-10-29 17:31:12 #8 store] 
Database 'E:\work\SE\Program\src\objectdb\db\persons.odb' is closed by 13524@DESKTOP-HLJNJ8I

------------------------------------------------------------------------------------------------------------------------

[2017-10-29 17:31:19 #1 store] 
Database 'E:\work\SE\Program\src\objectdb\db\persons.odb' is opened by 10516@DESKTOP-HLJNJ8I

[2017-10-29 17:31:19 #2 store] 
Configuration path: ?

[2017-10-29 17:31:19 #3 type] 
Type ActivityManagement.Controller.Person is not enhanced.

[2017-10-29 17:31:24 #9 store] 
Database 'E:\work\SE\Program\src\objectdb\db\persons.odb' is opened by 13524@DESKTOP-HLJNJ8I

[2017-10-29 17:31:24 #10 store] 
Configuration path: ?

[2017-10-29 17:31:40 #11 store] 
Database 'E:\work\SE\Program\src\objectdb\db\persons.odb' is closed by 13524@DESKTOP-HLJNJ8I

------------------------------------------------------------------------------------------------------------------------

[2017-10-29 17:33:49 #1 store] 
Database 'E:\work\SE\Program\src\objectdb\db\persons.odb' is opened by 13440@DESKTOP-HLJNJ8I

[2017-10-29 17:33:49 #2 store] 
Configuration path: ?

[2017-10-29 17:33:49 #3 type.registry] 
New type ActivityManagement.Controller.Person

[2017-10-29 17:33:49 #4 type] 
Type ActivityManagement.Controller.Person is not enhanced.

------------------------------------------------------------------------------------------------------------------------

[2017-10-29 17:34:05 #1 store] 
Database 'E:\work\SE\Program\src\objectdb\db\persons.odb' has been recovered (tr. 1-3)

[2017-10-29 17:34:06 #2 store] 
Database 'E:\work\SE\Program\src\objectdb\db\persons.odb' is opened by 7932@DESKTOP-HLJNJ8I

[2017-10-29 17:34:06 #3 store] 
Configuration path: ?

[2017-10-29 17:34:20 #4 store] 
Database 'E:\work\SE\Program\src\objectdb\db\persons.odb' is closed by 7932@DESKTOP-HLJNJ8I

[2017-10-29 17:34:29 #5 store] 
Database 'E:\work\SE\Program\src\objectdb\db\persons.odb' is opened by 7932@DESKTOP-HLJNJ8I

[2017-10-29 17:34:29 #6 store] 
Configuration path: ?

[2017-10-29 17:34:32 #7 store] 
Database 'E:\work\SE\Program\src\objectdb\db\persons.odb' is closed by 7932@DESKTOP-HLJNJ8I

------------------------------------------------------------------------------------------------------------------------

[2017-10-29 17:34:41 #1 store] 
Database 'E:\work\SE\Program\src\objectdb\db\persons.odb' is opened by 3044@DESKTOP-HLJNJ8I

[2017-10-29 17:34:41 #2 store] 
Configuration path: ?

[2017-10-29 17:34:41 #3 type] 
Type ActivityManagement.Controller.Person is not enhanced.

------------------------------------------------------------------------------------------------------------------------

[2017-10-29 17:34:49 #1 store] 
Database 'E:\work\SE\Program\src\objectdb\db\persons.odb' has been recovered (tr. 4-4)

[2017-10-29 17:34:49 #2 store] 
Database 'E:\work\SE\Program\src\objectdb\db\persons.odb' is opened by 5608@DESKTOP-HLJNJ8I

[2017-10-29 17:34:49 #3 store] 
Configuration path: ?

[2017-10-29 17:34:55 #4 store] 
Database 'E:\work\SE\Program\src\objectdb\db\persons.odb' is closed by 5608@DESKTOP-HLJNJ8I

------------------------------------------------------------------------------------------------------------------------

[2017-10-29 17:35:39 #1 store] 
Database 'E:\work\SE\Program\src\objectdb\db\persons.odb' is opened by 2428@DESKTOP-HLJNJ8I

[2017-10-29 17:35:39 #2 store] 
Configuration path: ?

[2017-10-29 17:35:56 #3 store] 
Database 'E:\work\SE\Program\src\objectdb\db\persons.odb' is closed by 2428@DESKTOP-HLJNJ8I

------------------------------------------------------------------------------------------------------------------------

[2017-10-29 17:39:28 #1 store] 
Database 'E:\work\SE\Program\src\objectdb\db\points.odb' is opened by 8480@DESKTOP-HLJNJ8I

[2017-10-29 17:39:28 #2 store] 
Configuration path: ?

[2017-10-29 17:39:28 #3 type.registry] 
New type ActivityManagement.Controller.Person

[2017-10-29 17:39:28 #4 type] 
Type ActivityManagement.Controller.Person is not enhanced.

------------------------------------------------------------------------------------------------------------------------

[2017-10-29 17:39:56 #1 store] 
Database 'E:\work\SE\Program\src\objectdb\db\points.odb' has been recovered (tr. 1-3)

[2017-10-29 17:39:56 #2 store] 
Database 'E:\work\SE\Program\src\objectdb\db\points.odb' is opened by 7436@DESKTOP-HLJNJ8I

[2017-10-29 17:39:56 #3 store] 
Configuration path: ?

[2017-10-29 17:39:56 #4 type] 
Type ActivityManagement.Controller.Person is not enhanced.

------------------------------------------------------------------------------------------------------------------------

[2017-10-29 17:40:13 #1 store] 
Database 'E:\work\SE\Program\src\objectdb\db\points.odb' is opened by 8756@DESKTOP-HLJNJ8I

[2017-10-29 17:40:13 #2 store] 
Configuration path: ?

[2017-10-29 17:40:13 #3 type] 
Type ActivityManagement.Controller.Person is not enhanced.

------------------------------------------------------------------------------------------------------------------------

[2017-10-29 17:40:21 #1 store] 
Database 'E:\work\SE\Program\src\objectdb\db\points.odb' is opened by 11048@DESKTOP-HLJNJ8I

[2017-10-29 17:40:21 #2 store] 
Configuration path: ?

[2017-10-29 17:40:29 #3 store] 
Database 'E:\work\SE\Program\src\objectdb\db\points.odb' is closed by 11048@DESKTOP-HLJNJ8I

------------------------------------------------------------------------------------------------------------------------

[2017-10-29 17:40:48 #1 store] 
Database 'E:\work\SE\Program\src\objectdb\db\persons.odb' is opened by 9284@DESKTOP-HLJNJ8I

[2017-10-29 17:40:48 #2 store] 
Configuration path: ?

[2017-10-29 17:40:48 #3 type] 
Type ActivityManagement.Controller.Person is not enhanced.

------------------------------------------------------------------------------------------------------------------------

[2017-10-29 17:41:12 #1 store] 
Database 'E:\work\SE\Program\src\objectdb\db\persons.odb' has been recovered (tr. 5-5)

[2017-10-29 17:41:12 #2 store] 
Database 'E:\work\SE\Program\src\objectdb\db\persons.odb' is opened by 860@DESKTOP-HLJNJ8I

[2017-10-29 17:41:12 #3 store] 
Configuration path: ?

[2017-10-29 17:41:18 #4 store] 
Database 'E:\work\SE\Program\src\objectdb\db\persons.odb' is closed by 860@DESKTOP-HLJNJ8I

------------------------------------------------------------------------------------------------------------------------

[2017-10-29 17:41:33 #1 store] 
Database 'E:\work\SE\Program\src\objectdb\db\persons.odb' is opened by 15856@DESKTOP-HLJNJ8I

[2017-10-29 17:41:33 #2 store] 
Configuration path: ?

[2017-10-29 17:41:34 #3 type] 
Type ActivityManagement.Controller.Person is not enhanced.

[2017-10-29 17:41:34 #4 store] 
Database 'E:\work\SE\Program\src\objectdb\db\persons.odb' is closed by 15856@DESKTOP-HLJNJ8I

[2017-10-29 17:41:36 #5 store] 
Database 'E:\work\SE\Program\src\objectdb\db\points.odb' is opened by 15856@DESKTOP-HLJNJ8I

[2017-10-29 17:41:36 #6 store] 
Configuration path: ?

[2017-10-29 17:41:37 #7 store] 
Database 'E:\work\SE\Program\src\objectdb\db\points.odb' is closed by 15856@DESKTOP-HLJNJ8I

[2017-10-29 17:41:37 #8 store] 
Database 'E:\work\SE\Program\src\objectdb\db\points.odb' is opened by 15856@DESKTOP-HLJNJ8I

[2017-10-29 17:41:37 #9 store] 
Configuration path: ?

[2017-10-29 17:41:37 #10 store] 
Database 'E:\work\SE\Program\src\objectdb\db\points.odb' is closed by 15856@DESKTOP-HLJNJ8I

[2017-10-29 17:41:38 #11 store] 
Database 'E:\work\SE\Program\src\objectdb\db\points.odb' is opened by 15856@DESKTOP-HLJNJ8I

[2017-10-29 17:41:38 #12 store] 
Configuration path: ?

[2017-10-29 17:41:38 #13 store] 
Database 'E:\work\SE\Program\src\objectdb\db\points.odb' is closed by 15856@DESKTOP-HLJNJ8I

[2017-10-29 17:41:38 #14 store] 
Database 'E:\work\SE\Program\src\objectdb\db\points.odb' is opened by 15856@DESKTOP-HLJNJ8I

[2017-10-29 17:41:38 #15 store] 
Configuration path: ?

[2017-10-29 17:41:38 #16 store] 
Database 'E:\work\SE\Program\src\objectdb\db\points.odb' is closed by 15856@DESKTOP-HLJNJ8I

[2017-10-29 17:41:38 #17 store] 
Database 'E:\work\SE\Program\src\objectdb\db\points.odb' is opened by 15856@DESKTOP-HLJNJ8I

[2017-10-29 17:41:38 #18 store] 
Configuration path: ?

[2017-10-29 17:41:38 #19 store] 
Database 'E:\work\SE\Program\src\objectdb\db\points.odb' is closed by 15856@DESKTOP-HLJNJ8I

[2017-10-29 17:41:39 #20 store] 
Database 'E:\work\SE\Program\src\objectdb\db\points.odb' is opened by 15856@DESKTOP-HLJNJ8I

[2017-10-29 17:41:39 #21 store] 
Configuration path: ?

[2017-10-29 17:41:39 #22 store] 
Database 'E:\work\SE\Program\src\objectdb\db\points.odb' is closed by 15856@DESKTOP-HLJNJ8I

------------------------------------------------------------------------------------------------------------------------

[2017-10-29 17:41:45 #1 store] 
Database 'E:\work\SE\Program\src\objectdb\db\points.odb' is opened by 8552@DESKTOP-HLJNJ8I

[2017-10-29 17:41:45 #2 store] 
Configuration path: ?

[2017-10-29 17:41:48 #3 store] 
Database 'E:\work\SE\Program\src\objectdb\db\points.odb' is closed by 8552@DESKTOP-HLJNJ8I

------------------------------------------------------------------------------------------------------------------------

[2017-10-29 17:42:29 #1 store] 
Database 'E:\work\SE\Program\src\objectdb\db\persons.odb' is opened by 9520@DESKTOP-HLJNJ8I

[2017-10-29 17:42:29 #2 store] 
Configuration path: ?

[2017-10-29 17:42:30 #3 type] 
Type ActivityManagement.Controller.Person is not enhanced.

[2017-10-29 17:42:30 #4 store] 
Database 'E:\work\SE\Program\src\objectdb\db\persons.odb' is closed by 9520@DESKTOP-HLJNJ8I

------------------------------------------------------------------------------------------------------------------------

[2017-10-29 17:42:34 #1 store] 
Database 'E:\work\SE\Program\src\objectdb\db\persons.odb' is opened by 10248@DESKTOP-HLJNJ8I

[2017-10-29 17:42:34 #2 store] 
Configuration path: ?

[2017-10-29 17:42:39 #3 store] 
Database 'E:\work\SE\Program\src\objectdb\db\persons.odb' is closed by 10248@DESKTOP-HLJNJ8I

[2017-10-29 17:42:43 #5 store] 
Database 'E:\work\SE\Program\src\objectdb\db\points.odb' is opened by 9520@DESKTOP-HLJNJ8I

[2017-10-29 17:42:43 #6 store] 
Configuration path: ?

[2017-10-29 17:42:43 #7 store] 
Database 'E:\work\SE\Program\src\objectdb\db\points.odb' is closed by 9520@DESKTOP-HLJNJ8I

[2017-10-29 17:42:44 #8 store] 
Database 'E:\work\SE\Program\src\objectdb\db\points.odb' is opened by 9520@DESKTOP-HLJNJ8I

[2017-10-29 17:42:44 #9 store] 
Configuration path: ?

[2017-10-29 17:42:44 #10 store] 
Database 'E:\work\SE\Program\src\objectdb\db\points.odb' is closed by 9520@DESKTOP-HLJNJ8I

[2017-10-29 17:42:44 #11 store] 
Database 'E:\work\SE\Program\src\objectdb\db\points.odb' is opened by 9520@DESKTOP-HLJNJ8I

[2017-10-29 17:42:44 #12 store] 
Configuration path: ?

[2017-10-29 17:42:44 #13 store] 
Database 'E:\work\SE\Program\src\objectdb\db\points.odb' is closed by 9520@DESKTOP-HLJNJ8I

[2017-10-29 17:42:44 #14 store] 
Database 'E:\work\SE\Program\src\objectdb\db\points.odb' is opened by 9520@DESKTOP-HLJNJ8I

[2017-10-29 17:42:44 #15 store] 
Configuration path: ?

[2017-10-29 17:42:44 #16 store] 
Database 'E:\work\SE\Program\src\objectdb\db\points.odb' is closed by 9520@DESKTOP-HLJNJ8I

[2017-10-29 17:42:44 #17 store] 
Database 'E:\work\SE\Program\src\objectdb\db\points.odb' is opened by 9520@DESKTOP-HLJNJ8I

[2017-10-29 17:42:44 #18 store] 
Configuration path: ?

[2017-10-29 17:42:44 #19 store] 
Database 'E:\work\SE\Program\src\objectdb\db\points.odb' is closed by 9520@DESKTOP-HLJNJ8I

[2017-10-29 17:42:44 #20 store] 
Database 'E:\work\SE\Program\src\objectdb\db\points.odb' is opened by 9520@DESKTOP-HLJNJ8I

[2017-10-29 17:42:44 #21 store] 
Configuration path: ?

[2017-10-29 17:42:44 #22 store] 
Database 'E:\work\SE\Program\src\objectdb\db\points.odb' is closed by 9520@DESKTOP-HLJNJ8I

[2017-10-29 17:42:45 #23 store] 
Database 'E:\work\SE\Program\src\objectdb\db\points.odb' is opened by 9520@DESKTOP-HLJNJ8I

[2017-10-29 17:42:45 #24 store] 
Configuration path: ?

[2017-10-29 17:42:45 #25 store] 
Database 'E:\work\SE\Program\src\objectdb\db\points.odb' is closed by 9520@DESKTOP-HLJNJ8I

[2017-10-29 17:42:45 #26 store] 
Database 'E:\work\SE\Program\src\objectdb\db\points.odb' is opened by 9520@DESKTOP-HLJNJ8I

[2017-10-29 17:42:45 #27 store] 
Configuration path: ?

[2017-10-29 17:42:45 #28 store] 
Database 'E:\work\SE\Program\src\objectdb\db\points.odb' is closed by 9520@DESKTOP-HLJNJ8I

------------------------------------------------------------------------------------------------------------------------

[2017-10-29 17:43:59 #1 store] 
Database 'E:\work\SE\Program\src\objectdb\db\points.odb' is opened by 8216@DESKTOP-HLJNJ8I

[2017-10-29 17:43:59 #2 store] 
Configuration path: ?

[2017-10-29 17:43:59 #3 type] 
Type ActivityManagement.Controller.Person is not enhanced.

[2017-10-29 17:43:59 #4 store] 
Database 'E:\work\SE\Program\src\objectdb\db\points.odb' is closed by 8216@DESKTOP-HLJNJ8I

[2017-10-29 17:44:01 #5 store] 
Database 'E:\work\SE\Program\src\objectdb\db\points.odb' is opened by 8216@DESKTOP-HLJNJ8I

[2017-10-29 17:44:01 #6 store] 
Configuration path: ?

[2017-10-29 17:44:01 #7 store] 
Database 'E:\work\SE\Program\src\objectdb\db\points.odb' is closed by 8216@DESKTOP-HLJNJ8I

------------------------------------------------------------------------------------------------------------------------

[2017-10-29 17:44:33 #1 store] 
Database 'E:\work\SE\Program\src\objectdb\db\persons.odb' is opened by 9788@DESKTOP-HLJNJ8I

[2017-10-29 17:44:33 #2 store] 
Configuration path: ?

[2017-10-29 17:44:34 #3 type] 
Type ActivityManagement.Controller.Person is not enhanced.

[2017-10-29 17:44:34 #4 store] 
Database 'E:\work\SE\Program\src\objectdb\db\persons.odb' is closed by 9788@DESKTOP-HLJNJ8I

------------------------------------------------------------------------------------------------------------------------

[2017-10-29 17:46:07 #1 store] 
Database 'E:\work\SE\Program\src\objectdb\db\persons.odb' is opened by 5876@DESKTOP-HLJNJ8I

[2017-10-29 17:46:07 #2 store] 
Configuration path: ?

[2017-10-29 17:46:07 #3 type.registry] 
New type ActivityManagement.Controller.Person

[2017-10-29 17:46:07 #4 type] 
Type ActivityManagement.Controller.Person is not enhanced.

------------------------------------------------------------------------------------------------------------------------

[2017-10-29 17:46:24 #1 store] 
Database 'E:\work\SE\Program\src\objectdb\db\persons.odb' has been recovered (tr. 1-4)

[2017-10-29 17:46:24 #2 store] 
Database 'E:\work\SE\Program\src\objectdb\db\persons.odb' is opened by 10004@DESKTOP-HLJNJ8I

[2017-10-29 17:46:24 #3 store] 
Configuration path: ?

[2017-10-29 17:46:24 #4 type] 
Type ActivityManagement.Controller.Person is not enhanced.

[2017-10-29 17:46:24 #5 store] 
Database 'E:\work\SE\Program\src\objectdb\db\persons.odb' is closed by 10004@DESKTOP-HLJNJ8I

[2017-10-29 17:46:26 #6 store] 
Database 'E:\work\SE\Program\src\objectdb\db\persons.odb' is opened by 10004@DESKTOP-HLJNJ8I

[2017-10-29 17:46:26 #7 store] 
Configuration path: ?

[2017-10-29 17:46:26 #8 store] 
Database 'E:\work\SE\Program\src\objectdb\db\persons.odb' is closed by 10004@DESKTOP-HLJNJ8I

[2017-10-29 17:46:26 #9 store] 
Database 'E:\work\SE\Program\src\objectdb\db\persons.odb' is opened by 10004@DESKTOP-HLJNJ8I

[2017-10-29 17:46:26 #10 store] 
Configuration path: ?

[2017-10-29 17:46:26 #11 store] 
Database 'E:\work\SE\Program\src\objectdb\db\persons.odb' is closed by 10004@DESKTOP-HLJNJ8I

[2017-10-29 17:46:27 #12 store] 
Database 'E:\work\SE\Program\src\objectdb\db\persons.odb' is opened by 10004@DESKTOP-HLJNJ8I

[2017-10-29 17:46:27 #13 store] 
Configuration path: ?

[2017-10-29 17:46:27 #14 store] 
Database 'E:\work\SE\Program\src\objectdb\db\persons.odb' is closed by 10004@DESKTOP-HLJNJ8I

[2017-10-29 17:46:29 #15 store] 
Database 'E:\work\SE\Program\src\objectdb\db\persons.odb' is opened by 10004@DESKTOP-HLJNJ8I

[2017-10-29 17:46:29 #16 store] 
Configuration path: ?

[2017-10-29 17:46:29 #17 store] 
Database 'E:\work\SE\Program\src\objectdb\db\persons.odb' is closed by 10004@DESKTOP-HLJNJ8I

------------------------------------------------------------------------------------------------------------------------

[2017-10-29 17:47:56 #1 store] 
Database 'E:\work\SE\Program\src\objectdb\db\persons.odb' is opened by 4916@DESKTOP-HLJNJ8I

[2017-10-29 17:47:56 #2 store] 
Configuration path: ?

[2017-10-29 17:47:56 #3 type.registry] 
New type ActivityManagement.Controller.Person

[2017-10-29 17:47:56 #4 type] 
Type ActivityManagement.Controller.Person is not enhanced.

[2017-10-29 17:47:56 #5 store] 
Database 'E:\work\SE\Program\src\objectdb\db\persons.odb' is closed by 4916@DESKTOP-HLJNJ8I

[2017-10-29 17:48:00 #6 store] 
Database 'E:\work\SE\Program\src\objectdb\db\persons.odb' is opened by 4916@DESKTOP-HLJNJ8I

[2017-10-29 17:48:00 #7 store] 
Configuration path: ?

[2017-10-29 17:48:00 #8 store] 
Database 'E:\work\SE\Program\src\objectdb\db\persons.odb' is closed by 4916@DESKTOP-HLJNJ8I

------------------------------------------------------------------------------------------------------------------------

[2017-10-29 17:49:33 #1 store] 
Database 'E:\work\SE\Program\src\objectdb\db\persons.odb' is opened by 12076@DESKTOP-HLJNJ8I

[2017-10-29 17:49:33 #2 store] 
Configuration path: ?

[2017-10-29 17:49:37 #3 store] 
Database 'E:\work\SE\Program\src\objectdb\db\persons.odb' is closed by 12076@DESKTOP-HLJNJ8I

------------------------------------------------------------------------------------------------------------------------

[2017-10-29 17:49:42 #1 store] 
Database 'E:\work\SE\Program\src\objectdb\db\persons.odb' is opened by 5544@DESKTOP-HLJNJ8I

[2017-10-29 17:49:42 #2 store] 
Configuration path: ?

[2017-10-29 17:49:47 #3 store] 
Database 'E:\work\SE\Program\src\objectdb\db\persons.odb' is closed by 5544@DESKTOP-HLJNJ8I

------------------------------------------------------------------------------------------------------------------------

[2017-10-29 17:49:50 #1 store] 
Database 'E:\work\SE\Program\src\objectdb\db\persons.odb' is opened by 8908@DESKTOP-HLJNJ8I

[2017-10-29 17:49:50 #2 store] 
Configuration path: ?

[2017-10-29 17:49:50 #3 type] 
Type ActivityManagement.Controller.Person is not enhanced.

[2017-10-29 17:49:50 #4 store] 
Database 'E:\work\SE\Program\src\objectdb\db\persons.odb' is closed by 8908@DESKTOP-HLJNJ8I

[2017-10-29 17:49:54 #4 store] 
Database 'E:\work\SE\Program\src\objectdb\db\persons.odb' is opened by 5544@DESKTOP-HLJNJ8I

[2017-10-29 17:49:54 #5 store] 
Configuration path: ?

[2017-10-29 17:50:11 #6 store] 
Database 'E:\work\SE\Program\src\objectdb\db\persons.odb' is closed by 5544@DESKTOP-HLJNJ8I

[2017-10-29 17:50:17 #5 store] 
Database 'E:\work\SE\Program\src\objectdb\db\persons.odb' is opened by 8908@DESKTOP-HLJNJ8I

[2017-10-29 17:50:17 #6 store] 
Configuration path: ?

[2017-10-29 17:50:18 #7 store] 
Database 'E:\work\SE\Program\src\objectdb\db\persons.odb' is closed by 8908@DESKTOP-HLJNJ8I

------------------------------------------------------------------------------------------------------------------------

[2017-10-29 17:53:57 #1 store] 
Database 'E:\work\SE\Program\src\objectdb\db\persons.odb' is opened by 15656@DESKTOP-HLJNJ8I

[2017-10-29 17:53:57 #2 store] 
Configuration path: ?

[2017-10-29 17:53:57 #3 type.registry] 
New type ActivityManagement.Controller.Person

[2017-10-29 17:53:57 #4 type] 
Type ActivityManagement.Controller.Person is not enhanced.

[2017-10-29 17:53:57 #5 type.registry] 
New type ActivityManagement.Controller.HasActivity

[2017-10-29 17:53:58 #6 type.registry] 
New type java.util.Vector<ActivityManagement.Controller.HasActivity>

[2017-10-29 17:53:58 #7 store] 
Database 'E:\work\SE\Program\src\objectdb\db\persons.odb' is closed by 15656@DESKTOP-HLJNJ8I

------------------------------------------------------------------------------------------------------------------------

[2017-10-29 17:54:05 #1 store] 
Database 'E:\work\SE\Program\src\objectdb\db\persons.odb' is opened by 6976@DESKTOP-HLJNJ8I

[2017-10-29 17:54:05 #2 store] 
Configuration path: ?

[2017-10-29 17:54:08 #3 type.registry] 
New type java.util.Vector<java.lang.Object>

[2017-10-29 17:54:22 #4 store] 
Database 'E:\work\SE\Program\src\objectdb\db\persons.odb' is closed by 6976@DESKTOP-HLJNJ8I

------------------------------------------------------------------------------------------------------------------------

[2017-10-29 17:54:44 #1 store] 
Database 'E:\work\SE\Program\src\objectdb\db\persons.odb' is opened by 14252@DESKTOP-HLJNJ8I

[2017-10-29 17:54:44 #2 store] 
Configuration path: ?

[2017-10-29 17:56:06 #3 store] 
Database 'E:\work\SE\Program\src\objectdb\db\persons.odb' is closed by 14252@DESKTOP-HLJNJ8I

[2017-10-29 17:56:09 #4 store] 
Database 'E:\work\SE\Program\src\objectdb\db\persons.odb' is opened by 14252@DESKTOP-HLJNJ8I

[2017-10-29 17:56:09 #5 store] 
Configuration path: ?

[2017-10-29 17:56:28 #6 store] 
Database 'E:\work\SE\Program\src\objectdb\db\persons.odb' is closed by 14252@DESKTOP-HLJNJ8I

------------------------------------------------------------------------------------------------------------------------

[2017-10-29 17:56:32 #1 store] 
Database 'E:\work\SE\Program\src\objectdb\db\persons.odb' is opened by 13220@DESKTOP-HLJNJ8I

[2017-10-29 17:56:32 #2 store] 
Configuration path: ?

[2017-10-29 17:56:33 #3 store] 
Database 'E:\work\SE\Program\src\objectdb\db\persons.odb' is closed by 13220@DESKTOP-HLJNJ8I

------------------------------------------------------------------------------------------------------------------------

[2017-10-29 17:57:04 #1 store] 
Database 'E:\work\SE\Program\src\objectdb\db\persons.odb' is opened by 2620@DESKTOP-HLJNJ8I

[2017-10-29 17:57:04 #2 store] 
Configuration path: ?

[2017-10-29 17:57:04 #3 store] 
Database 'E:\work\SE\Program\src\objectdb\db\persons.odb' is closed by 2620@DESKTOP-HLJNJ8I

[2017-10-29 17:57:07 #4 store] 
Database 'E:\work\SE\Program\src\objectdb\db\persons.odb' is opened by 2620@DESKTOP-HLJNJ8I

[2017-10-29 17:57:07 #5 store] 
Configuration path: ?

[2017-10-29 17:57:07 #6 store] 
Database 'E:\work\SE\Program\src\objectdb\db\persons.odb' is closed by 2620@DESKTOP-HLJNJ8I

[2017-10-29 17:57:08 #7 store] 
Database 'E:\work\SE\Program\src\objectdb\db\persons.odb' is opened by 2620@DESKTOP-HLJNJ8I

[2017-10-29 17:57:08 #8 store] 
Configuration path: ?

[2017-10-29 17:57:08 #9 store] 
Database 'E:\work\SE\Program\src\objectdb\db\persons.odb' is closed by 2620@DESKTOP-HLJNJ8I

[2017-10-29 17:57:08 #10 store] 
Database 'E:\work\SE\Program\src\objectdb\db\persons.odb' is opened by 2620@DESKTOP-HLJNJ8I

[2017-10-29 17:57:08 #11 store] 
Configuration path: ?

[2017-10-29 17:57:08 #12 store] 
Database 'E:\work\SE\Program\src\objectdb\db\persons.odb' is closed by 2620@DESKTOP-HLJNJ8I

[2017-10-29 17:57:09 #13 store] 
Database 'E:\work\SE\Program\src\objectdb\db\persons.odb' is opened by 2620@DESKTOP-HLJNJ8I

[2017-10-29 17:57:09 #14 store] 
Configuration path: ?

[2017-10-29 17:57:09 #15 store] 
Database 'E:\work\SE\Program\src\objectdb\db\persons.odb' is closed by 2620@DESKTOP-HLJNJ8I

[2017-10-29 17:57:09 #16 store] 
Database 'E:\work\SE\Program\src\objectdb\db\persons.odb' is opened by 2620@DESKTOP-HLJNJ8I

[2017-10-29 17:57:09 #17 store] 
Configuration path: ?

[2017-10-29 17:57:09 #18 store] 
Database 'E:\work\SE\Program\src\objectdb\db\persons.odb' is closed by 2620@DESKTOP-HLJNJ8I

[2017-10-29 17:57:09 #19 store] 
Database 'E:\work\SE\Program\src\objectdb\db\persons.odb' is opened by 2620@DESKTOP-HLJNJ8I

[2017-10-29 17:57:09 #20 store] 
Configuration path: ?

[2017-10-29 17:57:09 #21 store] 
Database 'E:\work\SE\Program\src\objectdb\db\persons.odb' is closed by 2620@DESKTOP-HLJNJ8I

------------------------------------------------------------------------------------------------------------------------

[2017-10-29 17:57:15 #1 store] 
Database 'E:\work\SE\Program\src\objectdb\db\persons.odb' is opened by 11392@DESKTOP-HLJNJ8I

[2017-10-29 17:57:15 #2 store] 
Configuration path: ?

[2017-10-29 17:57:20 #3 store] 
Database 'E:\work\SE\Program\src\objectdb\db\persons.odb' is closed by 11392@DESKTOP-HLJNJ8I

[2017-10-29 17:57:20 #4 store] 
Database 'E:\work\SE\Program\src\objectdb\db\persons.odb' is opened by 11392@DESKTOP-HLJNJ8I

[2017-10-29 17:57:20 #5 store] 
Configuration path: ?

[2017-10-29 17:57:30 #6 store] 
Database 'E:\work\SE\Program\src\objectdb\db\persons.odb' is closed by 11392@DESKTOP-HLJNJ8I

[2017-10-29 17:57:30 #7 store] 
Database 'E:\work\SE\Program\src\objectdb\db\persons.odb' is opened by 11392@DESKTOP-HLJNJ8I

[2017-10-29 17:57:30 #8 store] 
Configuration path: ?

[2017-10-29 17:58:28 #9 store] 
Database 'E:\work\SE\Program\src\objectdb\db\persons.odb' is closed by 11392@DESKTOP-HLJNJ8I

------------------------------------------------------------------------------------------------------------------------

[2017-10-29 17:58:52 #1 store] 
Database 'E:\work\SE\Program\src\objectdb\db\persons.odb' is opened by 13768@DESKTOP-HLJNJ8I

[2017-10-29 17:58:52 #2 store] 
Configuration path: ?

[2017-10-29 17:58:52 #3 type.registry] 
New type ActivityManagement.Controller.Person

[2017-10-29 17:58:52 #4 type] 
Type ActivityManagement.Controller.Person is not enhanced.

[2017-10-29 17:58:52 #5 type.registry] 
New type ActivityManagement.Controller.HasActivity

[2017-10-29 17:58:53 #6 type.registry] 
New type java.util.Vector<ActivityManagement.Controller.HasActivity>

[2017-10-29 17:58:53 #7 store] 
Database 'E:\work\SE\Program\src\objectdb\db\persons.odb' is closed by 13768@DESKTOP-HLJNJ8I

------------------------------------------------------------------------------------------------------------------------

[2017-10-29 17:59:04 #1 store] 
Database 'E:\work\SE\Program\src\objectdb\db\persons.odb' is opened by 13120@DESKTOP-HLJNJ8I

[2017-10-29 17:59:04 #2 store] 
Configuration path: ?

[2017-10-29 17:59:09 #3 type.registry] 
New type java.util.Vector<java.lang.Object>

[2017-10-29 17:59:12 #4 store] 
Database 'E:\work\SE\Program\src\objectdb\db\persons.odb' is closed by 13120@DESKTOP-HLJNJ8I

------------------------------------------------------------------------------------------------------------------------

[2017-10-29 18:09:45 #1 store] 
Database 'E:\work\SE\Program\src\objectdb\db\persons.odb' is opened by 784@DESKTOP-HLJNJ8I

[2017-10-29 18:09:45 #2 store] 
Configuration path: ?

[2017-10-29 18:09:45 #3 type.registry] 
New type ActivityManagement.Controller.Person

[2017-10-29 18:09:45 #4 type] 
Type ActivityManagement.Controller.Person is not enhanced.

[2017-10-29 18:09:45 #5 type.registry] 
New type ActivityManagement.Controller.HasActivity

[2017-10-29 18:09:45 #6 type.registry] 
New type java.util.Vector<ActivityManagement.Controller.HasActivity>

[2017-10-29 18:09:45 #7 store] 
Database 'E:\work\SE\Program\src\objectdb\db\persons.odb' is closed by 784@DESKTOP-HLJNJ8I

------------------------------------------------------------------------------------------------------------------------

[2017-10-29 18:10:02 #1 store] 
Database 'E:\work\SE\Program\src\objectdb\db\persons.odb' is opened by 5484@DESKTOP-HLJNJ8I

[2017-10-29 18:10:02 #2 store] 
Configuration path: ?

[2017-10-29 18:10:08 #3 type.registry] 
New type java.util.Vector<java.lang.Object>

[2017-10-29 18:10:12 #4 store] 
Database 'E:\work\SE\Program\src\objectdb\db\persons.odb' is closed by 5484@DESKTOP-HLJNJ8I

[2017-10-29 18:10:14 #8 store] 
Database 'E:\work\SE\Program\src\objectdb\db\persons.odb' is opened by 784@DESKTOP-HLJNJ8I

[2017-10-29 18:10:14 #9 store] 
Configuration path: ?

[2017-10-29 18:10:14 #10 store] 
Database 'E:\work\SE\Program\src\objectdb\db\persons.odb' is closed by 784@DESKTOP-HLJNJ8I

[2017-10-29 18:10:18 #5 store] 
Database 'E:\work\SE\Program\src\objectdb\db\persons.odb' is opened by 5484@DESKTOP-HLJNJ8I

[2017-10-29 18:10:18 #6 store] 
Configuration path: ?

[2017-10-29 18:10:33 #7 store] 
Database 'E:\work\SE\Program\src\objectdb\db\persons.odb' is closed by 5484@DESKTOP-HLJNJ8I

------------------------------------------------------------------------------------------------------------------------

[2017-10-29 18:15:31 #1 store] 
Database 'E:\work\SE\Program\src\objectdb\db\persons.odb' is opened by 8388@DESKTOP-HLJNJ8I

[2017-10-29 18:15:31 #2 store] 
Configuration path: ?

[2017-10-29 18:15:32 #3 type] 
Type ActivityManagement.Controller.Person is not enhanced.

[2017-10-29 18:15:32 #4 store] 
Database 'E:\work\SE\Program\src\objectdb\db\persons.odb' is closed by 8388@DESKTOP-HLJNJ8I

[2017-10-29 18:15:35 #5 store] 
Database 'E:\work\SE\Program\src\objectdb\db\persons.odb' is opened by 8388@DESKTOP-HLJNJ8I

[2017-10-29 18:15:35 #6 store] 
Configuration path: ?

[2017-10-29 18:15:35 #7 store] 
Database 'E:\work\SE\Program\src\objectdb\db\persons.odb' is closed by 8388@DESKTOP-HLJNJ8I

[2017-10-29 18:15:36 #8 store] 
Database 'E:\work\SE\Program\src\objectdb\db\persons.odb' is opened by 8388@DESKTOP-HLJNJ8I

[2017-10-29 18:15:36 #9 store] 
Configuration path: ?

[2017-10-29 18:15:36 #10 store] 
Database 'E:\work\SE\Program\src\objectdb\db\persons.odb' is closed by 8388@DESKTOP-HLJNJ8I

------------------------------------------------------------------------------------------------------------------------

[2017-10-29 18:15:42 #1 store] 
Database 'E:\work\SE\Program\src\objectdb\db\persons.odb' is opened by 12252@DESKTOP-HLJNJ8I

[2017-10-29 18:15:42 #2 store] 
Configuration path: ?

[2017-10-29 18:15:56 #3 store] 
Database 'E:\work\SE\Program\src\objectdb\db\persons.odb' is closed by 12252@DESKTOP-HLJNJ8I

------------------------------------------------------------------------------------------------------------------------

[2017-10-29 18:16:04 #1 store] 
Database 'E:\work\SE\Program\src\objectdb\db\persons.odb' is opened by 13224@DESKTOP-HLJNJ8I

[2017-10-29 18:16:04 #2 store] 
Configuration path: ?

[2017-10-29 18:16:05 #3 type] 
Type ActivityManagement.Controller.Person is not enhanced.

[2017-10-29 18:16:05 #4 store] 
Database 'E:\work\SE\Program\src\objectdb\db\persons.odb' is closed by 13224@DESKTOP-HLJNJ8I

------------------------------------------------------------------------------------------------------------------------

[2017-10-29 18:19:28 #1 store] 
Database 'E:\work\SE\Program\src\objectdb\db\persons.odb' is opened by 6744@DESKTOP-HLJNJ8I

[2017-10-29 18:19:28 #2 store] 
Configuration path: ?

[2017-10-29 18:21:51 #3 store] 
Database 'E:\work\SE\Program\src\objectdb\db\persons.odb' is closed by 6744@DESKTOP-HLJNJ8I

------------------------------------------------------------------------------------------------------------------------

[2017-10-29 18:22:02 #1 store] 
Database 'E:\work\SE\Program\src\objectdb\db\persons.odb' is opened by 11196@DESKTOP-HLJNJ8I

[2017-10-29 18:22:02 #2 store] 
Configuration path: ?

[2017-10-29 18:22:02 #3 type] 
Type ActivityManagement.Controller.Person is not enhanced.

[2017-10-29 18:22:02 #4 store] 
Database 'E:\work\SE\Program\src\objectdb\db\persons.odb' is closed by 11196@DESKTOP-HLJNJ8I

[2017-10-29 18:22:08 #5 store] 
Database 'E:\work\SE\Program\src\objectdb\db\persons.odb' is opened by 11196@DESKTOP-HLJNJ8I

[2017-10-29 18:22:08 #6 store] 
Configuration path: ?

[2017-10-29 18:22:08 #7 store] 
Database 'E:\work\SE\Program\src\objectdb\db\persons.odb' is closed by 11196@DESKTOP-HLJNJ8I

[2017-10-29 18:52:07 #4 store] 
Database 'E:\work\SE\Program\src\objectdb\db\persons.odb' is opened by 6744@DESKTOP-HLJNJ8I

[2017-10-29 18:52:07 #5 store] 
Configuration path: ?

[2017-10-29 18:53:22 #6 store] 
Database 'E:\work\SE\Program\src\objectdb\db\persons.odb' is closed by 6744@DESKTOP-HLJNJ8I

------------------------------------------------------------------------------------------------------------------------

[2017-10-29 18:53:44 #1 store] 
Database 'E:\work\SE\Program\src\objectdb\db\persons.odb' is opened by 1620@DESKTOP-HLJNJ8I

[2017-10-29 18:53:44 #2 store] 
Configuration path: ?

[2017-10-29 18:53:44 #3 type] 
Type ActivityManagement.Controller.Person is not enhanced.

[2017-10-29 18:53:44 #4 store] 
Database 'E:\work\SE\Program\src\objectdb\db\persons.odb' is closed by 1620@DESKTOP-HLJNJ8I

[2017-10-29 18:53:56 #7 store] 
Database 'E:\work\SE\Program\src\objectdb\db\persons.odb' is opened by 6744@DESKTOP-HLJNJ8I

[2017-10-29 18:53:56 #8 store] 
Configuration path: ?

[2017-10-29 18:55:31 #9 store] 
Database 'E:\work\SE\Program\src\objectdb\db\persons.odb' is closed by 6744@DESKTOP-HLJNJ8I

