------------------------------------------------------------------------------------------------------------------------

[2017-12-08 00:19:35 #1 type] 
Type ActivityManagement.Model.Activity is not enhanced.

[2017-12-08 00:19:35 #2 type] 
Type ActivityManagement.Model.Person is not enhanced.

[2017-12-08 00:19:35 #3 type] 
Type ActivityManagement.Model.Department is not enhanced.

[2017-12-08 00:19:35 #4 type] 
Type ActivityManagement.Model.HasActivity is not enhanced.

------------------------------------------------------------------------------------------------------------------------

[2017-12-08 02:40:37 #1 type] 
Type ActivityManagement.Model.Activity is not enhanced.

[2017-12-08 02:40:37 #2 type] 
Type ActivityManagement.Model.Person is not enhanced.

[2017-12-08 02:40:37 #3 type] 
Type ActivityManagement.Model.Department is not enhanced.

[2017-12-08 02:40:37 #4 type] 
Type ActivityManagement.Model.HasActivity is not enhanced.

------------------------------------------------------------------------------------------------------------------------

[2017-12-08 06:32:59 #1 type] 
Type ActivityManagement.Model.Activity is not enhanced.

[2017-12-08 06:32:59 #2 type] 
Type ActivityManagement.Model.Person is not enhanced.

[2017-12-08 06:32:59 #3 type] 
Type ActivityManagement.Model.Department is not enhanced.

[2017-12-08 06:32:59 #4 type] 
Type ActivityManagement.Model.HasActivity is not enhanced.

------------------------------------------------------------------------------------------------------------------------

[2017-12-08 13:06:00 #1 type] 
Type ActivityManagement.Model.Activity is not enhanced.

[2017-12-08 13:06:00 #2 type] 
Type ActivityManagement.Model.Person is not enhanced.

[2017-12-08 13:06:00 #3 type] 
Type ActivityManagement.Model.Department is not enhanced.

[2017-12-08 13:06:00 #4 type] 
Type ActivityManagement.Model.HasActivity is not enhanced.

------------------------------------------------------------------------------------------------------------------------

[2017-12-08 14:57:31 #1 type] 
Type ActivityManagement.Model.Activity is not enhanced.

[2017-12-08 14:57:31 #2 type] 
Type ActivityManagement.Model.Person is not enhanced.

[2017-12-08 14:57:31 #3 type] 
Type ActivityManagement.Model.Department is not enhanced.

[2017-12-08 14:57:31 #4 type] 
Type ActivityManagement.Model.HasActivity is not enhanced.

